2018-12-14T18:48:34.903+0530 INFO onStart : Test
2018-12-14T18:48:37.640+0530 INFO The name of the testcase skipped is :testExpediaHome
2018-12-14T18:48:37.674+0530 INFO onFinish : Test
2018-12-14T18:49:11.516+0530 INFO onStart : Test
2018-12-14T18:49:16.063+0530 INFO The name of the testcase started is :testExpediaHome
2018-12-14T18:49:42.736+0530 INFO The name of the testcase failed is :testExpediaHome
2018-12-14T18:49:42.788+0530 INFO onFinish : Test
2018-12-14T18:50:50.120+0530 INFO onStart : Test
2018-12-14T18:50:54.001+0530 INFO The name of the testcase started is :testExpediaHome
2018-12-14T18:51:18.762+0530 INFO The name of the testcase failed is :testExpediaHome
2018-12-14T18:51:18.827+0530 INFO onFinish : Test
2018-12-14T18:55:34.521+0530 INFO onStart : Test
2018-12-14T18:55:39.448+0530 INFO The name of the testcase started is :testExpediaHome
2018-12-14T18:56:35.771+0530 INFO The name of the testcase failed is :testExpediaHome
2018-12-14T18:56:35.817+0530 INFO onFinish : Test
2018-12-14T19:00:55.083+0530 INFO onStart : Test
2018-12-14T19:00:59.735+0530 INFO The name of the testcase started is :testExpediaHome
2018-12-14T19:02:19.122+0530 INFO The name of the testcase passed is :testExpediaHome
2018-12-14T19:02:19.141+0530 INFO onFinish : Test
2018-12-14T19:04:22.852+0530 INFO onStart : Test
2018-12-14T19:04:27.279+0530 INFO The name of the testcase started is :testExpediaHome
2018-12-14T19:05:50.914+0530 INFO The name of the testcase failed is :testExpediaHome
2018-12-14T19:05:50.952+0530 INFO onFinish : Test
2018-12-14T19:07:11.830+0530 INFO onStart : Test
2018-12-14T19:07:16.516+0530 INFO The name of the testcase started is :testExpediaHome
2018-12-14T19:08:25.561+0530 INFO The name of the testcase passed is :testExpediaHome
2018-12-14T19:08:25.578+0530 INFO onFinish : Test
2018-12-14T19:09:48.080+0530 INFO onStart : Test
2018-12-14T19:09:52.405+0530 INFO The name of the testcase started is :testExpediaHome
2018-12-14T19:11:03.990+0530 INFO The name of the testcase passed is :testExpediaHome
2018-12-14T19:11:04.007+0530 INFO onFinish : Test
2018-12-14T19:12:08.402+0530 INFO onStart : Test
2018-12-14T19:12:13.647+0530 INFO The name of the testcase started is :testExpediaHome
2018-12-14T19:13:28.675+0530 INFO The name of the testcase failed is :testExpediaHome
2018-12-14T19:13:28.729+0530 INFO onFinish : Test
2018-12-14T19:14:17.769+0530 INFO onStart : Test
2018-12-14T19:14:22.826+0530 INFO The name of the testcase started is :testExpediaHome
2018-12-14T19:15:21.841+0530 INFO The name of the testcase passed is :testExpediaHome
2018-12-14T19:15:21.860+0530 INFO onFinish : Test
2018-12-15T07:34:02.174+0530 INFO onStart : Test
2018-12-15T07:34:07.949+0530 INFO onFinish : Test
2018-12-15T07:50:25.652+0530 INFO onStart : Test
2018-12-15T07:50:29.838+0530 INFO onFinish : Test
2018-12-15T08:09:17.148+0530 INFO onStart : Test
2018-12-15T08:09:21.685+0530 INFO onFinish : Test
2018-12-15T20:44:06.642+0530 INFO onStart : Test
2018-12-15T20:44:11.522+0530 INFO The name of the testcase started is :testToFail
2018-12-15T20:44:11.526+0530 INFO The name of the testcase failed is :testToFail
2018-12-15T20:44:11.591+0530 INFO The name of the testcase failed is :testToFail
2018-12-15T20:44:11.654+0530 INFO onFinish : Test
2018-12-15T20:45:45.969+0530 INFO onStart : Test
2018-12-15T20:45:49.934+0530 INFO The name of the testcase started is :testToFail
2018-12-15T20:45:49.940+0530 INFO The name of the testcase failed is :testToFail
2018-12-15T20:45:49.985+0530 INFO onFinish : Test
2018-12-16T21:36:32.047+0530 INFO onStart : Test
2018-12-16T21:36:32.098+0530 INFO The name of the testcase skipped is :exampleTest
2018-12-16T21:36:32.131+0530 INFO onFinish : Test
2018-12-16T21:40:57.615+0530 INFO onStart : Test
2018-12-16T21:41:02.867+0530 INFO The name of the testcase started is :exampleTest
2018-12-16T21:41:15.506+0530 INFO The name of the testcase passed is :exampleTest
2018-12-16T21:41:15.533+0530 INFO onFinish : Test
2018-12-16T21:44:47.171+0530 INFO onStart : Test
2018-12-16T21:44:51.531+0530 INFO The name of the testcase started is :exampleTest
2018-12-16T21:45:07.065+0530 INFO The name of the testcase passed is :exampleTest
2018-12-16T21:45:07.093+0530 INFO onFinish : Test
2018-12-16T21:49:37.432+0530 INFO onStart : Test
2018-12-16T21:49:41.802+0530 INFO The name of the testcase started is :exampleTest
2018-12-16T21:51:56.721+0530 INFO The name of the testcase failed is :exampleTest
2018-12-16T21:51:56.776+0530 INFO onFinish : Test
2018-12-16T21:52:43.941+0530 INFO onStart : Test
2018-12-16T21:52:47.837+0530 INFO The name of the testcase started is :exampleTest
2018-12-16T21:54:55.573+0530 INFO The name of the testcase passed is :exampleTest
2018-12-16T21:54:55.599+0530 INFO onFinish : Test
2018-12-16T22:35:39.370+0530 INFO onStart : Test
2018-12-16T22:35:44.171+0530 INFO The name of the testcase started is :exampleTest
2018-12-16T22:36:29.877+0530 INFO The name of the testcase passed is :exampleTest
2018-12-16T22:36:29.901+0530 INFO onFinish : Test
2018-12-16T22:38:36.098+0530 INFO onStart : Test
2018-12-16T22:38:40.525+0530 INFO The name of the testcase started is :exampleTest
2018-12-16T22:39:27.629+0530 INFO The name of the testcase passed is :exampleTest
2018-12-16T22:39:27.667+0530 INFO onFinish : Test
2018-12-16T22:54:47.280+0530 INFO onStart : Test
2018-12-16T22:54:47.311+0530 INFO The name of the testcase skipped is :testExpediaHomeData
2018-12-16T22:54:47.342+0530 INFO onFinish : Test
2018-12-16T23:02:15.241+0530 INFO onStart : Test
2018-12-16T23:02:15.268+0530 INFO The name of the testcase skipped is :testExpediaHomeData
2018-12-16T23:02:15.294+0530 INFO onFinish : Test
2018-12-16T23:04:24.435+0530 INFO onStart : Test
2018-12-16T23:04:24.461+0530 INFO The name of the testcase skipped is :testExpediaHomeData
2018-12-16T23:04:24.482+0530 INFO onFinish : Test
2018-12-16T23:05:54.196+0530 INFO onStart : Test
2018-12-16T23:05:59.141+0530 INFO The name of the testcase started is :testExpediaHomeData
2018-12-16T23:06:47.856+0530 INFO The name of the testcase passed is :testExpediaHomeData
2018-12-16T23:06:51.263+0530 INFO The name of the testcase started is :testExpediaHomeData
2018-12-16T23:07:41.228+0530 INFO The name of the testcase passed is :testExpediaHomeData
2018-12-16T23:07:41.248+0530 INFO onFinish : Test
2018-12-16T23:09:52.876+0530 INFO onStart : Test
2018-12-16T23:09:57.963+0530 INFO The name of the testcase started is :testExpediaHomeData
2018-12-16T23:10:25.426+0530 INFO The name of the testcase passed is :testExpediaHomeData
2018-12-16T23:10:28.777+0530 INFO The name of the testcase started is :testExpediaHomeData
2018-12-16T23:11:05.819+0530 INFO The name of the testcase passed is :testExpediaHomeData
2018-12-16T23:11:09.672+0530 INFO The name of the testcase started is :testExpediaHomeData
2018-12-16T23:11:44.323+0530 INFO The name of the testcase passed is :testExpediaHomeData
2018-12-16T23:11:44.345+0530 INFO onFinish : Test
2018-12-16T23:14:44.508+0530 INFO onStart : Test
2018-12-16T23:15:40.083+0530 INFO The name of the testcase started is :testExpediaHomeData
2018-12-16T23:15:40.690+0530 INFO The name of the testcase passed is :testExpediaHomeData
2018-12-16T23:16:19.849+0530 INFO The name of the testcase started is :testExpediaHomeData
2018-12-16T23:16:20.416+0530 INFO The name of the testcase passed is :testExpediaHomeData
2018-12-16T23:16:54.504+0530 INFO The name of the testcase started is :testExpediaHomeData
2018-12-16T23:16:55.081+0530 INFO The name of the testcase passed is :testExpediaHomeData
2018-12-16T23:16:55.104+0530 INFO onFinish : Test
2018-12-16T23:27:37.019+0530 INFO onStart : Test
2018-12-16T23:27:42.251+0530 INFO onFinish : Test
2018-12-16T23:30:29.088+0530 INFO onStart : Test
2018-12-16T23:30:34.930+0530 INFO onFinish : Test
2018-12-16T23:32:53.375+0530 INFO onStart : Test
2018-12-16T23:32:57.955+0530 INFO The name of the testcase started is :testExpediaHomeData
2018-12-16T23:33:33.359+0530 INFO The name of the testcase passed is :testExpediaHomeData
2018-12-16T23:33:36.761+0530 INFO The name of the testcase started is :testExpediaHomeData
2018-12-16T23:34:05.668+0530 INFO The name of the testcase passed is :testExpediaHomeData
2018-12-16T23:34:09.551+0530 INFO The name of the testcase started is :testExpediaHomeData
2018-12-16T23:34:39.014+0530 INFO The name of the testcase passed is :testExpediaHomeData
2018-12-16T23:34:39.037+0530 INFO onFinish : Test
2018-12-17T07:11:56.351+0530 INFO onStart : Test
2018-12-17T07:12:02.298+0530 INFO The name of the testcase started is :testExpediaHomeData
2018-12-17T07:12:16.788+0530 INFO The name of the testcase passed is :testExpediaHomeData
2018-12-17T07:12:20.243+0530 INFO The name of the testcase started is :testExpediaHomeData
2018-12-17T07:12:35.932+0530 INFO The name of the testcase passed is :testExpediaHomeData
2018-12-17T07:12:39.866+0530 INFO The name of the testcase started is :testExpediaHomeData
2018-12-17T07:12:50.432+0530 INFO The name of the testcase passed is :testExpediaHomeData
2018-12-17T07:12:50.486+0530 INFO onFinish : Test
2018-12-17T07:15:43.100+0530 INFO onStart : Test
2018-12-17T07:15:47.734+0530 INFO The name of the testcase started is :testExpediaHomeData
2018-12-17T07:16:02.346+0530 INFO The name of the testcase passed is :testExpediaHomeData
2018-12-17T07:16:05.725+0530 INFO The name of the testcase started is :testExpediaHomeData
2018-12-17T07:16:20.535+0530 INFO The name of the testcase passed is :testExpediaHomeData
2018-12-17T07:16:24.509+0530 INFO The name of the testcase started is :testExpediaHomeData
2018-12-17T07:16:37.643+0530 INFO The name of the testcase passed is :testExpediaHomeData
2018-12-17T07:16:37.672+0530 INFO onFinish : Test
2018-12-17T07:17:46.284+0530 INFO onStart : Test
2018-12-17T07:17:51.387+0530 INFO The name of the testcase started is :testExpediaHomeData
2018-12-17T07:18:03.861+0530 INFO The name of the testcase passed is :testExpediaHomeData
2018-12-17T07:18:06.793+0530 INFO The name of the testcase started is :testExpediaHomeData
2018-12-17T07:18:18.050+0530 INFO The name of the testcase passed is :testExpediaHomeData
2018-12-17T07:18:21.939+0530 INFO The name of the testcase started is :testExpediaHomeData
2018-12-17T07:18:35.259+0530 INFO The name of the testcase passed is :testExpediaHomeData
2018-12-17T07:18:35.285+0530 INFO onFinish : Test
2018-12-17T07:23:53.673+0530 INFO onStart : Test
2018-12-17T07:23:58.666+0530 INFO The name of the testcase started is :testExpediaHomeData
2018-12-17T07:24:11.992+0530 INFO The name of the testcase passed is :testExpediaHomeData
2018-12-17T07:24:15.444+0530 INFO The name of the testcase started is :testExpediaHomeData
2018-12-17T07:24:28.572+0530 INFO The name of the testcase passed is :testExpediaHomeData
2018-12-17T07:24:31.981+0530 INFO The name of the testcase started is :testExpediaHomeData
2018-12-17T07:24:48.380+0530 INFO The name of the testcase passed is :testExpediaHomeData
2018-12-17T07:24:48.458+0530 INFO onFinish : Test
2018-12-17T07:25:54.438+0530 INFO onStart : Test
2018-12-17T07:25:54.486+0530 INFO onFinish : Test
2018-12-17T07:27:19.752+0530 INFO onStart : Test
2018-12-17T07:27:24.901+0530 INFO The name of the testcase started is :testExpediaHomeData
2018-12-17T07:27:36.983+0530 INFO The name of the testcase passed is :testExpediaHomeData
2018-12-17T07:27:41.778+0530 INFO The name of the testcase started is :testExpediaHomeData
2018-12-17T07:27:54.496+0530 INFO The name of the testcase passed is :testExpediaHomeData
2018-12-17T07:27:59.914+0530 INFO The name of the testcase started is :testExpediaHomeData
2018-12-17T07:28:10.090+0530 INFO The name of the testcase passed is :testExpediaHomeData
2018-12-17T07:28:11.593+0530 INFO onFinish : Test
2018-12-17T07:28:50.337+0530 INFO onStart : Test
2018-12-17T07:28:55.306+0530 INFO The name of the testcase started is :testExpediaHomeData
2018-12-17T07:29:29.074+0530 INFO The name of the testcase passed is :testExpediaHomeData
2018-12-17T07:29:34.447+0530 INFO The name of the testcase started is :testExpediaHomeData
2018-12-17T07:29:47.439+0530 INFO The name of the testcase passed is :testExpediaHomeData
2018-12-17T07:29:52.240+0530 INFO The name of the testcase started is :testExpediaHomeData
2018-12-17T07:30:04.823+0530 INFO The name of the testcase passed is :testExpediaHomeData
2018-12-17T07:30:06.983+0530 INFO onFinish : Test
2018-12-17T07:34:28.267+0530 INFO onStart : Test
2018-12-17T07:34:33.134+0530 INFO The name of the testcase started is :testExpediaHomeData
2018-12-17T07:34:45.209+0530 INFO The name of the testcase passed is :testExpediaHomeData
2018-12-17T07:34:50.225+0530 INFO The name of the testcase started is :testExpediaHomeData
2018-12-17T07:35:02.000+0530 INFO The name of the testcase passed is :testExpediaHomeData
2018-12-17T07:35:06.981+0530 INFO The name of the testcase started is :testExpediaHomeData
2018-12-17T07:35:17.952+0530 INFO The name of the testcase passed is :testExpediaHomeData
2018-12-17T07:35:19.552+0530 INFO onFinish : Test
2018-12-17T07:57:30.132+0530 INFO onStart : Test
2018-12-17T07:57:34.930+0530 INFO The name of the testcase started is :testExpediaHomeData
2018-12-17T07:58:56.503+0530 INFO The name of the testcase passed is :testExpediaHomeData
2018-12-17T07:59:02.007+0530 INFO The name of the testcase started is :testExpediaHomeData
2018-12-17T07:59:28.591+0530 INFO The name of the testcase passed is :testExpediaHomeData
2018-12-17T07:59:33.751+0530 INFO The name of the testcase started is :testExpediaHomeData
2018-12-17T08:00:26.414+0530 INFO The name of the testcase passed is :testExpediaHomeData
2018-12-17T08:00:27.987+0530 INFO onFinish : Test
2018-12-17T08:05:08.219+0530 INFO onStart : Test
2018-12-17T08:05:08.290+0530 INFO onFinish : Test
2018-12-17T08:08:22.293+0530 INFO onStart : Test
2018-12-17T08:08:26.891+0530 INFO The name of the testcase started is :testExpediaHomeData
2018-12-17T08:08:44.707+0530 INFO The name of the testcase passed is :testExpediaHomeData
2018-12-17T08:08:50.060+0530 INFO The name of the testcase started is :testExpediaHomeData
2018-12-17T08:09:08.646+0530 INFO The name of the testcase passed is :testExpediaHomeData
2018-12-17T08:09:13.376+0530 INFO The name of the testcase started is :testExpediaHomeData
2018-12-17T08:09:27.722+0530 INFO The name of the testcase passed is :testExpediaHomeData
2018-12-17T08:09:29.318+0530 INFO onFinish : Test
2018-12-17T11:28:44.548+0530 INFO onStart : Test
2018-12-17T11:28:48.721+0530 INFO The name of the testcase started is :testExpediaHomeData
2018-12-17T11:29:05.813+0530 INFO The name of the testcase passed is :testExpediaHomeData
2018-12-17T11:29:10.087+0530 INFO The name of the testcase started is :testExpediaHomeData
2018-12-17T11:29:25.618+0530 INFO The name of the testcase passed is :testExpediaHomeData
2018-12-17T11:29:29.361+0530 INFO The name of the testcase started is :testExpediaHomeData
2018-12-17T11:29:50.499+0530 INFO The name of the testcase passed is :testExpediaHomeData
2018-12-17T11:29:51.569+0530 INFO onFinish : Test
2018-12-17T11:45:45.185+0530 INFO onStart : Test
2018-12-17T11:45:49.455+0530 INFO The name of the testcase started is :testExpediaHomeData
2018-12-17T11:46:09.833+0530 INFO The name of the testcase passed is :testExpediaHomeData
2018-12-17T11:46:14.249+0530 INFO The name of the testcase started is :testExpediaHomeData
2018-12-17T11:46:30.915+0530 INFO The name of the testcase passed is :testExpediaHomeData
2018-12-17T11:46:34.974+0530 INFO The name of the testcase started is :testExpediaHomeData
2018-12-17T11:47:35.093+0530 INFO The name of the testcase passed is :testExpediaHomeData
2018-12-17T11:47:36.142+0530 INFO onFinish : Test
2018-12-17T11:50:14.985+0530 INFO onStart : Test
2018-12-17T11:50:19.555+0530 INFO The name of the testcase started is :testExpediaHomeData
2018-12-17T11:50:40.864+0530 INFO The name of the testcase passed is :testExpediaHomeData
2018-12-17T11:50:44.783+0530 INFO The name of the testcase started is :testExpediaHomeData
2018-12-17T11:51:09.287+0530 INFO The name of the testcase passed is :testExpediaHomeData
2018-12-17T11:51:13.155+0530 INFO The name of the testcase started is :testExpediaHomeData
2018-12-17T11:51:33.816+0530 INFO The name of the testcase passed is :testExpediaHomeData
2018-12-17T11:51:35.047+0530 INFO onFinish : Test
2018-12-17T11:55:16.080+0530 INFO onStart : Test
2018-12-17T11:55:21.946+0530 INFO The name of the testcase started is :testExpediaHomeData
2018-12-17T11:55:42.465+0530 INFO The name of the testcase passed is :testExpediaHomeData
2018-12-17T11:55:46.396+0530 INFO The name of the testcase started is :testExpediaHomeData
2018-12-17T11:56:04.625+0530 INFO The name of the testcase passed is :testExpediaHomeData
2018-12-17T11:56:08.475+0530 INFO The name of the testcase started is :testExpediaHomeData
2018-12-17T11:56:37.221+0530 INFO The name of the testcase passed is :testExpediaHomeData
2018-12-17T11:56:38.655+0530 INFO onFinish : Test
2018-12-17T12:04:41.013+0530 INFO onStart : Test
2018-12-17T12:04:45.516+0530 INFO The name of the testcase started is :testExpediaHomeData
2018-12-17T12:05:18.625+0530 INFO The name of the testcase passed is :testExpediaHomeData
2018-12-17T12:05:22.773+0530 INFO The name of the testcase started is :testExpediaHomeData
2018-12-17T12:05:45.320+0530 INFO The name of the testcase passed is :testExpediaHomeData
2018-12-17T12:05:49.013+0530 INFO The name of the testcase started is :testExpediaHomeData
2018-12-17T12:06:12.455+0530 INFO The name of the testcase passed is :testExpediaHomeData
2018-12-17T12:06:13.687+0530 INFO onFinish : Test
2018-12-17T14:41:10.908+0530 INFO onStart : Test
2018-12-17T14:41:16.212+0530 INFO The name of the testcase started is :testExpediaHomeData
2018-12-17T14:41:29.803+0530 INFO The name of the testcase passed is :testExpediaHomeData
2018-12-17T14:41:34.999+0530 INFO The name of the testcase started is :testExpediaHomeData
2018-12-17T14:41:47.567+0530 INFO The name of the testcase passed is :testExpediaHomeData
2018-12-17T14:41:52.508+0530 INFO The name of the testcase started is :testExpediaHomeData
2018-12-17T14:42:00.893+0530 INFO The name of the testcase passed is :testExpediaHomeData
2018-12-17T14:42:03.202+0530 INFO onFinish : Test
2018-12-17T14:47:18.534+0530 INFO onStart : Test
2018-12-17T14:47:24.304+0530 INFO The name of the testcase started is :testExpediaHomeData
2018-12-17T14:47:40.626+0530 INFO The name of the testcase passed is :testExpediaHomeData
2018-12-17T14:47:45.550+0530 INFO The name of the testcase started is :testExpediaHomeData
2018-12-17T14:48:03.248+0530 INFO The name of the testcase passed is :testExpediaHomeData
2018-12-17T14:48:07.940+0530 INFO The name of the testcase started is :testExpediaHomeData
2018-12-17T14:48:27.047+0530 INFO The name of the testcase passed is :testExpediaHomeData
2018-12-17T14:48:28.544+0530 INFO onFinish : Test
2018-12-17T16:21:38.335+0530 INFO onStart : Test
2018-12-17T16:21:43.429+0530 INFO The name of the testcase started is :testExpediaHomeData
2018-12-17T16:21:59.505+0530 INFO The name of the testcase passed is :testExpediaHomeData
2018-12-17T16:22:04.829+0530 INFO The name of the testcase started is :testExpediaHomeData
2018-12-17T16:22:16.445+0530 INFO The name of the testcase passed is :testExpediaHomeData
2018-12-17T16:22:21.617+0530 INFO The name of the testcase started is :testExpediaHomeData
2018-12-17T16:22:52.095+0530 INFO The name of the testcase passed is :testExpediaHomeData
2018-12-17T16:22:53.834+0530 INFO onFinish : Test
2018-12-17T16:26:59.666+0530 INFO onStart : Test
2018-12-17T16:27:04.362+0530 INFO The name of the testcase started is :testExpediaHomeData
2018-12-17T16:27:23.008+0530 INFO The name of the testcase passed is :testExpediaHomeData
2018-12-17T16:27:27.614+0530 INFO The name of the testcase started is :testExpediaHomeData
2018-12-17T16:27:44.453+0530 INFO The name of the testcase passed is :testExpediaHomeData
2018-12-17T16:27:49.440+0530 INFO The name of the testcase started is :testExpediaHomeData
2018-12-17T16:28:08.164+0530 INFO The name of the testcase passed is :testExpediaHomeData
2018-12-17T16:28:09.793+0530 INFO onFinish : Test
2018-12-18T10:57:23.589+0530 INFO onStart : Test
2018-12-18T10:57:31.484+0530 INFO The name of the testcase started is :testExpediaHomeData
2018-12-18T10:58:02.257+0530 INFO The name of the testcase passed is :testExpediaHomeData
2018-12-18T10:58:07.615+0530 INFO The name of the testcase started is :testExpediaHomeData
2018-12-18T10:58:38.004+0530 INFO The name of the testcase passed is :testExpediaHomeData
2018-12-18T10:58:43.454+0530 INFO The name of the testcase started is :testExpediaHomeData
2018-12-18T10:59:20.633+0530 INFO The name of the testcase passed is :testExpediaHomeData
2018-12-18T10:59:24.344+0530 INFO onFinish : Test
2018-12-18T14:12:36.366+0530 INFO onStart : Test
2018-12-18T14:12:41.539+0530 INFO The name of the testcase started is :testExpediaHomeData
2018-12-18T14:13:11.297+0530 INFO The name of the testcase passed is :testExpediaHomeData
2018-12-18T14:13:15.242+0530 INFO The name of the testcase started is :testExpediaHomeData
2018-12-18T14:13:28.131+0530 INFO The name of the testcase passed is :testExpediaHomeData
2018-12-18T14:13:31.894+0530 INFO The name of the testcase started is :testExpediaHomeData
2018-12-18T14:13:44.213+0530 INFO The name of the testcase passed is :testExpediaHomeData
2018-12-18T14:13:45.315+0530 INFO onFinish : Test
2018-12-18T14:30:04.458+0530 INFO onStart : Test
2018-12-18T14:30:09.997+0530 INFO The name of the testcase started is :testExpediaHomeData
2018-12-18T14:30:28.378+0530 INFO The name of the testcase passed is :testExpediaHomeData
2018-12-18T14:30:32.600+0530 INFO The name of the testcase started is :testExpediaHomeData
2018-12-18T14:31:04.453+0530 INFO The name of the testcase passed is :testExpediaHomeData
2018-12-18T14:31:08.912+0530 INFO The name of the testcase started is :testExpediaHomeData
2018-12-18T14:31:25.048+0530 INFO The name of the testcase passed is :testExpediaHomeData
2018-12-18T14:31:26.344+0530 INFO onFinish : Test
2018-12-19T12:57:37.615+0530 INFO onStart : Test
2018-12-19T12:57:37.644+0530 INFO onFinish : Test
2018-12-19T12:58:10.095+0530 INFO onStart : Test
2018-12-19T12:58:14.658+0530 INFO The name of the testcase started is :exampleTest
2018-12-19T12:58:26.102+0530 INFO The name of the testcase passed is :exampleTest
2018-12-19T12:58:27.388+0530 INFO onFinish : Test
2018-12-19T13:04:27.678+0530 INFO onStart : Test
2018-12-19T13:04:32.048+0530 INFO The name of the testcase started is :exampleTest
2018-12-19T13:04:47.462+0530 INFO The name of the testcase failed is :exampleTest
2018-12-19T13:04:50.257+0530 INFO onFinish : Test
2018-12-19T13:07:28.500+0530 INFO onStart : Test
2018-12-19T13:07:32.870+0530 INFO The name of the testcase started is :exampleTest
2018-12-19T13:07:49.394+0530 INFO Entered value India in to origin_XPATH
2018-12-19T13:07:49.799+0530 INFO Entered value Germany in to desti_XPATH
2018-12-19T13:07:50.310+0530 INFO The name of the testcase passed is :exampleTest
2018-12-19T13:07:52.058+0530 INFO onFinish : Test
2018-12-19T13:09:46.413+0530 INFO onStart : Test
2018-12-19T13:09:51.178+0530 INFO The name of the testcase started is :exampleTest
2018-12-19T13:10:06.255+0530 INFO Element origin_XPATH _FOUND.
2018-12-19T13:10:06.617+0530 INFO Entered value India in to origin_XPATH
2018-12-19T13:10:06.644+0530 INFO Element desti_XPATH _FOUND.
2018-12-19T13:10:07.054+0530 INFO Entered value Germany in to desti_XPATH
2018-12-19T13:10:07.630+0530 INFO The name of the testcase passed is :exampleTest
2018-12-19T13:10:09.869+0530 INFO onFinish : Test
2018-12-19T13:21:29.294+0530 INFO onStart : Test
2018-12-19T13:21:33.442+0530 INFO The name of the testcase started is :exampleTest
2018-12-19T13:21:51.267+0530 INFO The name of the testcase failed is :exampleTest
2018-12-19T13:21:53.075+0530 INFO onFinish : Test
2018-12-19T13:33:51.541+0530 INFO onStart : Test
2018-12-19T13:33:55.697+0530 INFO The name of the testcase started is :exampleTest
2018-12-19T13:34:13.808+0530 INFO The name of the testcase failed is :exampleTest
2018-12-19T13:34:15.153+0530 INFO onFinish : Test
2018-12-19T13:35:29.016+0530 INFO onStart : Test
2018-12-19T13:35:33.651+0530 INFO The name of the testcase started is :exampleTest
2018-12-19T13:35:50.101+0530 INFO Entered value Australlia in to [[FirefoxDriver: firefox on WINDOWS (b831a646-a880-4343-b535-de495700a9e1)] -> xpath: //input[@id='package-origin-hp-package']]
2018-12-19T13:35:50.762+0530 INFO Entered value India in to [[FirefoxDriver: firefox on WINDOWS (b831a646-a880-4343-b535-de495700a9e1)] -> xpath: //input[@id='package-destination-hp-package']]
2018-12-19T13:35:51.363+0530 INFO The name of the testcase passed is :exampleTest
2018-12-19T13:35:53.350+0530 INFO onFinish : Test
