2019-03-11T14:43:16.526+0530 INFO OPENING GOOGLE.COM...
2019-03-11T14:49:01.769+0530 INFO @BeforeSuite
2019-03-11T14:49:01.775+0530 INFO @BeforeTest
2019-03-11T14:49:01.776+0530 DEBUG OPENING CHROME BROWSER...
2019-03-11T14:49:04.140+0530 INFO OPENING GOOGLE.COM...
2019-03-11T14:49:11.902+0530 INFO @AfterTest
2019-03-11T14:49:12.582+0530 INFO @AfterSuite
2019-03-11T14:51:59.949+0530 INFO @BeforeSuite
2019-03-11T14:51:59.958+0530 INFO @BeforeTest
2019-03-11T14:51:59.958+0530 DEBUG OPENING CHROME BROWSER...
2019-03-11T14:52:02.361+0530 INFO OPENING GOOGLE.COM...
2019-03-11T14:52:08.869+0530 INFO @AfterTest
2019-03-11T14:52:09.591+0530 INFO @AfterSuite
2019-03-11T14:56:54.569+0530 INFO @BeforeSuite
2019-03-11T14:56:54.581+0530 INFO @BeforeTest
2019-03-11T14:56:54.584+0530 DEBUG OPENING CHROME BROWSER...
2019-03-11T14:56:57.179+0530 INFO OPENING GOOGLE.COM...
2019-03-11T14:57:01.185+0530 INFO @AfterTest
2019-03-11T14:57:01.866+0530 INFO @AfterSuite
2019-03-11T14:57:42.877+0530 INFO @BeforeSuite
2019-03-11T14:57:42.883+0530 INFO @BeforeTest
2019-03-11T14:57:42.884+0530 DEBUG OPENING CHROME BROWSER...
2019-03-11T14:57:45.566+0530 INFO OPENING GOOGLE.COM...
2019-03-11T14:57:48.494+0530 INFO @AfterTest
2019-03-11T14:57:49.210+0530 INFO @AfterSuite
2019-03-11T15:33:43.490+0530 INFO @BeforeSuite
2019-03-11T15:33:43.497+0530 INFO @BeforeTest
2019-03-11T15:33:43.498+0530 DEBUG OPENING CHROME BROWSER...
2019-03-11T15:33:46.741+0530 INFO OPENING GOOGLE.COM...
2019-03-11T15:33:54.530+0530 INFO @AfterTest
2019-03-11T15:33:55.194+0530 INFO @AfterSuite
2019-03-11T15:49:51.371+0530 INFO @BeforeSuite
2019-03-11T15:51:18.892+0530 INFO @BeforeSuite
2019-03-11T15:56:09.932+0530 INFO @BeforeSuite
2019-03-11T15:56:56.211+0530 INFO @BeforeSuite
2019-03-11T15:57:36.838+0530 INFO @BeforeSuite
2019-03-11T15:57:36.844+0530 INFO @BeforeTest
2019-03-11T15:57:36.845+0530 DEBUG OPENING CHROME BROWSER...
2019-03-11T15:57:39.550+0530 INFO OPENING GOOGLE.COM...
2019-03-11T15:57:43.531+0530 INFO @AfterTest
2019-03-11T15:57:44.211+0530 INFO @AfterSuite
2019-03-11T16:02:28.273+0530 INFO @BeforeSuite
2019-03-11T17:19:40.797+0530 INFO @BeforeSuite
2019-03-11T17:20:12.672+0530 INFO @BeforeSuite
2019-03-11T17:20:56.206+0530 INFO @BeforeSuite
2019-03-11T17:43:02.966+0530 INFO @BeforeSuite
2019-03-11T17:46:35.090+0530 INFO @BeforeSuite
2019-03-11T17:46:35.099+0530 INFO @BeforeTest
2019-03-11T17:46:35.100+0530 DEBUG OPENING CHROME BROWSER...
2019-03-11T17:46:37.825+0530 INFO OPENING GOOGLE.COM...
2019-03-11T17:46:41.880+0530 INFO @AfterTest
2019-03-11T17:46:42.568+0530 INFO @AfterSuite
2019-03-11T17:51:44.687+0530 INFO @BeforeSuite
2019-03-11T17:51:44.702+0530 INFO @BeforeTest
2019-03-11T17:51:44.703+0530 DEBUG OPENING CHROME BROWSER...
2019-03-11T17:51:47.186+0530 INFO OPENING GOOGLE.COM...
2019-03-11T17:51:54.054+0530 INFO @AfterTest
2019-03-11T17:51:54.801+0530 INFO @AfterSuite
2019-03-11T17:52:35.204+0530 INFO @BeforeSuite
2019-03-11T17:52:35.212+0530 INFO @BeforeTest
2019-03-11T17:52:35.213+0530 DEBUG OPENING CHROME BROWSER...
2019-03-11T17:52:37.461+0530 INFO OPENING GOOGLE.COM...
2019-03-11T17:52:44.406+0530 INFO @AfterTest
2019-03-11T17:52:45.064+0530 INFO @AfterSuite
2019-03-11T17:53:08.144+0530 INFO @BeforeSuite
2019-03-11T17:53:08.150+0530 INFO @BeforeTest
2019-03-11T17:53:08.151+0530 DEBUG OPENING CHROME BROWSER...
2019-03-11T17:53:10.525+0530 INFO OPENING GOOGLE.COM...
2019-03-11T17:53:17.844+0530 INFO @AfterTest
2019-03-11T17:53:18.565+0530 INFO @AfterSuite
2019-03-11T17:53:36.069+0530 INFO @BeforeSuite
2019-03-11T17:53:36.078+0530 INFO @BeforeTest
2019-03-11T17:53:36.078+0530 DEBUG OPENING CHROME BROWSER...
2019-03-11T17:53:38.395+0530 INFO OPENING GOOGLE.COM...
2019-03-11T17:53:46.555+0530 INFO @AfterTest
2019-03-11T17:53:47.246+0530 INFO @AfterSuite
2019-03-11T17:54:07.370+0530 INFO @BeforeSuite
2019-03-11T17:54:07.378+0530 INFO @BeforeTest
2019-03-11T17:54:07.379+0530 DEBUG OPENING CHROME BROWSER...
2019-03-11T17:54:09.779+0530 INFO OPENING GOOGLE.COM...
2019-03-11T17:54:17.978+0530 INFO @AfterTest
2019-03-11T17:54:18.674+0530 INFO @AfterSuite
2019-03-11T17:54:47.574+0530 INFO @BeforeSuite
2019-03-11T17:54:47.580+0530 INFO @BeforeTest
2019-03-11T17:54:47.581+0530 DEBUG OPENING CHROME BROWSER...
2019-03-11T17:54:49.974+0530 INFO OPENING GOOGLE.COM...
2019-03-11T17:54:57.111+0530 INFO @AfterTest
2019-03-11T17:54:57.803+0530 INFO @AfterSuite
2019-03-11T17:55:13.283+0530 INFO @BeforeSuite
2019-03-11T17:55:13.294+0530 INFO @BeforeTest
2019-03-11T17:55:13.295+0530 DEBUG OPENING CHROME BROWSER...
2019-03-11T17:55:15.696+0530 INFO OPENING GOOGLE.COM...
2019-03-11T17:55:22.484+0530 INFO @AfterTest
2019-03-11T17:55:23.184+0530 INFO @AfterSuite
2019-03-11T17:55:47.812+0530 INFO @BeforeSuite
2019-03-11T17:55:47.819+0530 INFO @BeforeTest
2019-03-11T17:55:47.820+0530 DEBUG OPENING CHROME BROWSER...
2019-03-11T17:55:50.304+0530 INFO OPENING GOOGLE.COM...
2019-03-11T17:55:58.297+0530 INFO @AfterTest
2019-03-11T17:55:59.007+0530 INFO @AfterSuite
2019-03-11T17:56:24.348+0530 INFO @BeforeSuite
2019-03-11T17:56:24.356+0530 INFO @BeforeTest
2019-03-11T17:56:24.357+0530 DEBUG OPENING CHROME BROWSER...
2019-03-11T17:56:26.768+0530 INFO OPENING GOOGLE.COM...
2019-03-11T17:56:32.763+0530 INFO @AfterTest
2019-03-11T17:56:33.482+0530 INFO @AfterSuite
2019-03-11T17:59:53.436+0530 INFO @BeforeSuite
2019-03-11T17:59:53.448+0530 INFO @BeforeTest
2019-03-11T17:59:53.448+0530 DEBUG OPENING CHROME BROWSER...
2019-03-11T17:59:58.445+0530 INFO OPENING GOOGLE.COM...
2019-03-11T18:00:05.184+0530 INFO @AfterTest
2019-03-11T18:00:06.399+0530 INFO @AfterSuite
2019-03-11T18:02:58.651+0530 INFO @BeforeSuite
2019-03-11T18:04:18.664+0530 INFO @BeforeSuite
2019-03-11T18:04:18.672+0530 INFO @BeforeTest
2019-03-11T18:04:18.689+0530 DEBUG OPENING BROWSER...--->> Firefox
2019-03-11T18:04:22.647+0530 INFO OPENING GOOGLE.COM...
2019-03-11T18:04:32.209+0530 DEBUG CLOSING BROWSER...
2019-03-11T18:04:33.375+0530 INFO @AfterTest
2019-03-11T18:04:33.426+0530 INFO @AfterSuite
2019-03-12T11:29:09.930+0530 INFO @BeforeSuite
2019-03-12T11:56:14.168+0530 INFO @BeforeSuite
2019-03-12T11:56:47.243+0530 INFO @BeforeSuite
2019-03-12T11:56:47.250+0530 INFO @BeforeTest
2019-03-12T11:56:47.269+0530 DEBUG OPENING BROWSER...--->> Firefox
2019-03-12T11:56:53.572+0530 INFO OPENING GOOGLE.COM...
2019-03-12T11:56:56.679+0530 DEBUG CLOSING BROWSER...
2019-03-12T11:56:57.855+0530 INFO @AfterTest
2019-03-12T11:56:57.879+0530 INFO @AfterSuite
2019-03-12T12:05:33.599+0530 INFO @BeforeSuite
2019-03-12T12:09:08.156+0530 INFO @BeforeSuite
2019-03-12T12:10:43.226+0530 INFO @BeforeSuite
2019-03-12T12:10:43.238+0530 INFO onStart : Test
2019-03-12T12:10:43.239+0530 INFO @BeforeTest
2019-03-12T12:10:43.263+0530 DEBUG OPENING BROWSER...--->> Firefox
2019-03-12T12:10:47.714+0530 INFO The name of the testcase started is :test_google_home_page
2019-03-12T12:10:47.716+0530 INFO OPENING GOOGLE.COM...
2019-03-12T12:10:52.025+0530 INFO The name of the testcase passed is :test_google_home_page
2019-03-12T12:10:52.026+0530 DEBUG CLOSING BROWSER...
2019-03-12T12:10:53.095+0530 INFO @AfterTest
2019-03-12T12:10:53.120+0530 INFO onFinish : Test
2019-03-12T12:10:53.123+0530 INFO @AfterSuite
2019-03-12T12:13:47.274+0530 INFO @BeforeSuite
2019-03-12T12:13:47.287+0530 INFO onStart : Test
2019-03-12T12:13:47.288+0530 INFO @BeforeTest
2019-03-12T12:13:47.307+0530 DEBUG OPENING BROWSER...--->> Firefox
2019-03-12T12:13:51.630+0530 INFO The name of the testcase started is :test_google_home_page
2019-03-12T12:13:51.632+0530 INFO OPENING GOOGLE.COM...
2019-03-12T12:13:54.649+0530 INFO The name of the testcase passed is :test_google_home_page
2019-03-12T12:13:54.652+0530 DEBUG CLOSING BROWSER...
2019-03-12T12:13:55.869+0530 INFO @AfterTest
2019-03-12T12:13:55.885+0530 INFO onFinish : Test
2019-03-12T12:13:55.894+0530 INFO @AfterSuite
2019-03-12T12:14:22.295+0530 INFO @BeforeSuite
2019-03-12T12:14:22.304+0530 INFO onStart : Test
2019-03-12T12:14:22.305+0530 INFO @BeforeTest
2019-03-12T12:14:22.323+0530 DEBUG OPENING BROWSER...--->> Firefox
2019-03-12T12:14:26.134+0530 INFO The name of the testcase started is :test_google_home_page
2019-03-12T12:14:26.136+0530 INFO OPENING GOOGLE.COM...
2019-03-12T12:14:30.681+0530 INFO The name of the testcase passed is :test_google_home_page
2019-03-12T12:14:30.683+0530 DEBUG CLOSING BROWSER...
2019-03-12T12:14:31.839+0530 INFO @AfterTest
2019-03-12T12:14:31.879+0530 INFO onFinish : Test
2019-03-12T12:14:31.883+0530 INFO @AfterSuite
2019-03-12T12:17:27.717+0530 INFO @BeforeSuite
2019-03-12T12:17:27.727+0530 INFO onStart : Test
2019-03-12T12:17:27.728+0530 INFO @BeforeTest
2019-03-12T12:17:27.750+0530 DEBUG OPENING BROWSER...--->> Firefox
2019-03-12T12:17:32.063+0530 INFO The name of the testcase started is :test_google_home_page
2019-03-12T12:17:32.066+0530 INFO OPENING GOOGLE.COM...
2019-03-12T12:17:37.411+0530 INFO The name of the testcase passed is :test_google_home_page
2019-03-12T12:17:37.413+0530 DEBUG CLOSING BROWSER...
2019-03-12T12:17:38.626+0530 INFO @AfterTest
2019-03-12T12:17:38.639+0530 INFO onFinish : Test
2019-03-12T12:17:38.640+0530 INFO @AfterSuite
2019-03-12T12:18:22.493+0530 INFO @BeforeSuite
2019-03-12T12:20:00.956+0530 INFO @BeforeSuite
2019-03-12T12:20:00.964+0530 INFO onStart : Test
2019-03-12T12:20:00.965+0530 INFO @BeforeTest
2019-03-12T12:20:00.978+0530 DEBUG OPENING BROWSER...--->> Firefox
2019-03-12T12:20:04.856+0530 INFO The name of the testcase started is :test_google_home_page
2019-03-12T12:20:04.859+0530 INFO OPENING GOOGLE.COM...
2019-03-12T12:20:12.736+0530 INFO The name of the testcase passed is :test_google_home_page
2019-03-12T12:20:12.738+0530 DEBUG CLOSING BROWSER...
2019-03-12T12:20:13.921+0530 INFO @AfterTest
2019-03-12T12:20:13.956+0530 INFO onFinish : Test
2019-03-12T12:20:13.958+0530 INFO @AfterSuite
2019-03-12T12:32:16.903+0530 INFO @BeforeSuite
2019-03-12T12:32:16.913+0530 INFO onStart : Test
2019-03-12T12:32:16.914+0530 INFO @BeforeTest
2019-03-12T12:32:16.941+0530 DEBUG OPENING BROWSER...--->> Firefox
2019-03-12T12:32:20.962+0530 INFO The name of the testcase started is :test_google_home_page
2019-03-12T12:32:20.964+0530 INFO OPENING GOOGLE.COM...
2019-03-12T12:32:28.380+0530 INFO Searching something on google
2019-03-12T12:32:28.613+0530 INFO The name of the testcase failed is :test_google_home_page
2019-03-12T12:32:28.625+0530 DEBUG CLOSING BROWSER...
2019-03-12T12:32:29.612+0530 INFO @AfterTest
2019-03-12T12:32:29.670+0530 INFO onFinish : Test
2019-03-12T12:32:29.672+0530 INFO @AfterSuite
2019-03-12T12:32:49.076+0530 INFO @BeforeSuite
2019-03-12T12:32:49.085+0530 INFO onStart : Test
2019-03-12T12:32:49.086+0530 INFO @BeforeTest
2019-03-12T12:32:49.104+0530 DEBUG OPENING BROWSER...--->> Firefox
2019-03-12T12:32:53.031+0530 INFO The name of the testcase started is :test_google_home_page
2019-03-12T12:32:53.033+0530 INFO OPENING GOOGLE.COM...
2019-03-12T12:33:00.176+0530 INFO Searching something on google
2019-03-12T12:33:00.344+0530 INFO The name of the testcase failed is :test_google_home_page
2019-03-12T12:33:00.357+0530 DEBUG CLOSING BROWSER...
2019-03-12T12:33:01.352+0530 INFO @AfterTest
2019-03-12T12:33:01.402+0530 INFO onFinish : Test
2019-03-12T12:33:01.405+0530 INFO @AfterSuite
2019-03-12T12:34:10.300+0530 INFO @BeforeSuite
2019-03-12T12:34:10.307+0530 INFO onStart : Test
2019-03-12T12:34:10.308+0530 INFO @BeforeTest
2019-03-12T12:34:10.321+0530 DEBUG OPENING BROWSER...--->> Chrome
2019-03-12T12:34:13.834+0530 INFO The name of the testcase started is :test_google_home_page
2019-03-12T12:34:13.836+0530 INFO OPENING GOOGLE.COM...
2019-03-12T12:34:19.340+0530 INFO Searching something on google
2019-03-12T12:34:19.509+0530 INFO The name of the testcase failed is :test_google_home_page
2019-03-12T12:34:19.517+0530 DEBUG CLOSING BROWSER...
2019-03-12T12:34:20.209+0530 INFO @AfterTest
2019-03-12T12:34:20.230+0530 INFO onFinish : Test
2019-03-12T12:34:20.232+0530 INFO @AfterSuite
2019-03-12T12:35:45.665+0530 INFO @BeforeSuite
2019-03-12T12:35:45.673+0530 INFO onStart : Test
2019-03-12T12:35:45.674+0530 INFO @BeforeTest
2019-03-12T12:35:45.687+0530 DEBUG OPENING BROWSER...--->> Chrome
2019-03-12T12:35:48.367+0530 INFO The name of the testcase started is :test_google_home_page
2019-03-12T12:35:48.369+0530 INFO OPENING GOOGLE.COM...
2019-03-12T12:35:53.155+0530 INFO Searching something on google
2019-03-12T12:35:53.311+0530 INFO The name of the testcase failed is :test_google_home_page
2019-03-12T12:35:53.321+0530 DEBUG CLOSING BROWSER...
2019-03-12T12:35:54.039+0530 INFO @AfterTest
2019-03-12T12:35:54.078+0530 INFO onFinish : Test
2019-03-12T12:35:54.080+0530 INFO @AfterSuite
2019-03-12T12:36:26.108+0530 INFO @BeforeSuite
2019-03-12T12:36:26.119+0530 INFO onStart : Test
2019-03-12T12:36:26.120+0530 INFO @BeforeTest
2019-03-12T12:36:26.135+0530 DEBUG OPENING BROWSER...--->> Chrome
2019-03-12T12:36:28.625+0530 INFO The name of the testcase started is :test_google_home_page
2019-03-12T12:36:28.634+0530 INFO OPENING GOOGLE.COM...
2019-03-12T12:36:34.216+0530 INFO Searching something on google
2019-03-12T12:36:34.370+0530 INFO The name of the testcase failed is :test_google_home_page
2019-03-12T12:36:34.379+0530 DEBUG CLOSING BROWSER...
2019-03-12T12:36:35.045+0530 INFO @AfterTest
2019-03-12T12:36:35.082+0530 INFO onFinish : Test
2019-03-12T12:36:35.083+0530 INFO @AfterSuite
2019-03-12T12:41:43.763+0530 INFO @BeforeSuite
2019-03-12T12:41:43.774+0530 INFO onStart : Test
2019-03-12T12:41:43.775+0530 INFO @BeforeTest
2019-03-12T12:41:43.793+0530 DEBUG OPENING BROWSER...--->> Chrome
2019-03-12T12:41:46.275+0530 INFO The name of the testcase started is :test_google_home_page
2019-03-12T12:41:46.277+0530 INFO OPENING GOOGLE.COM...
2019-03-12T12:41:49.027+0530 INFO Searching something on google
2019-03-12T12:41:51.601+0530 INFO The name of the testcase passed is :test_google_home_page
2019-03-12T12:41:51.603+0530 DEBUG CLOSING BROWSER...
2019-03-12T12:41:52.279+0530 INFO @AfterTest
2019-03-12T12:41:52.320+0530 INFO onFinish : Test
2019-03-12T12:41:52.323+0530 INFO @AfterSuite
2019-03-12T12:52:11.883+0530 INFO @BeforeSuite
2019-03-12T12:52:11.889+0530 INFO onStart : Test
2019-03-12T12:52:11.890+0530 INFO @BeforeTest
2019-03-12T12:52:11.904+0530 DEBUG OPENING BROWSER...--->> Chrome
2019-03-12T12:52:14.518+0530 INFO The name of the testcase started is :test_google_home_page
2019-03-12T12:52:14.520+0530 INFO OPENING GOOGLE.COM...
2019-03-12T12:52:17.807+0530 INFO Searching something on google
2019-03-12T12:52:28.006+0530 INFO The name of the testcase failed is :test_google_home_page
2019-03-12T12:52:28.018+0530 DEBUG CLOSING BROWSER...
2019-03-12T12:52:28.765+0530 INFO @AfterTest
2019-03-12T12:52:28.820+0530 INFO onFinish : Test
2019-03-12T12:52:28.823+0530 INFO @AfterSuite
2019-03-12T12:55:22.908+0530 INFO @BeforeSuite
2019-03-12T12:55:22.915+0530 INFO onStart : Test
2019-03-12T12:55:22.916+0530 INFO @BeforeTest
2019-03-12T12:55:22.930+0530 DEBUG OPENING BROWSER...--->> Chrome
2019-03-12T12:55:25.420+0530 INFO The name of the testcase started is :test_google_home_page
2019-03-12T12:55:25.422+0530 INFO OPENING GOOGLE.COM...
2019-03-12T12:55:30.743+0530 INFO Searching something on google
2019-03-12T12:55:34.541+0530 INFO The name of the testcase failed is :test_google_home_page
2019-03-12T12:55:34.550+0530 DEBUG CLOSING BROWSER...
2019-03-12T12:55:35.231+0530 INFO @AfterTest
2019-03-12T12:55:35.252+0530 INFO onFinish : Test
2019-03-12T12:55:35.254+0530 INFO @AfterSuite
2019-03-12T13:30:52.575+0530 INFO @BeforeSuite
2019-03-12T13:30:52.586+0530 INFO onStart : Test
2019-03-12T13:30:52.587+0530 INFO @BeforeTest
2019-03-12T13:30:52.610+0530 DEBUG OPENING BROWSER...--->> Chrome
2019-03-12T13:30:55.375+0530 INFO The name of the testcase started is :test_google_home_page
2019-03-12T13:30:55.377+0530 INFO OPENING GOOGLE.COM...
2019-03-12T13:31:01.866+0530 INFO Searching something on google
2019-03-12T13:31:06.301+0530 INFO The name of the testcase failed is :test_google_home_page
2019-03-12T13:31:06.310+0530 DEBUG CLOSING BROWSER...
2019-03-12T13:31:06.998+0530 INFO @AfterTest
2019-03-12T13:31:07.045+0530 INFO onFinish : Test
2019-03-12T13:31:07.047+0530 INFO @AfterSuite
2019-03-12T13:36:47.213+0530 INFO @BeforeSuite
2019-03-12T13:36:47.221+0530 INFO onStart : Test
2019-03-12T13:36:47.222+0530 INFO @BeforeTest
2019-03-12T13:36:47.235+0530 DEBUG OPENING BROWSER...--->> Chrome
2019-03-12T13:36:49.547+0530 INFO The name of the testcase started is :test_google_home_page
2019-03-12T13:36:49.549+0530 INFO OPENING GOOGLE.COM...
2019-03-12T13:36:55.055+0530 INFO Searching something on google
2019-03-12T13:36:58.840+0530 INFO The name of the testcase failed is :test_google_home_page
2019-03-12T13:36:58.848+0530 DEBUG CLOSING BROWSER...
2019-03-12T13:36:59.565+0530 INFO @AfterTest
2019-03-12T13:36:59.617+0530 INFO onFinish : Test
2019-03-12T13:36:59.621+0530 INFO @AfterSuite
2019-03-12T13:39:21.468+0530 INFO @BeforeSuite
2019-03-12T13:39:21.473+0530 INFO onStart : Test
2019-03-12T13:39:21.474+0530 INFO @BeforeTest
2019-03-12T13:39:21.487+0530 DEBUG OPENING BROWSER...--->> Chrome
2019-03-12T13:39:23.829+0530 INFO The name of the testcase started is :test_google_home_page
2019-03-12T13:39:23.830+0530 INFO OPENING GOOGLE.COM...
2019-03-12T13:39:26.399+0530 INFO Searching something on google
2019-03-12T13:39:29.126+0530 INFO The name of the testcase failed is :test_google_home_page
2019-03-12T13:39:29.136+0530 DEBUG CLOSING BROWSER...
2019-03-12T13:39:29.831+0530 INFO @AfterTest
2019-03-12T13:39:29.864+0530 INFO onFinish : Test
2019-03-12T13:39:29.866+0530 INFO @AfterSuite
2019-03-12T13:53:14.616+0530 INFO @BeforeSuite
2019-03-12T13:53:14.624+0530 INFO Broser is ---> null. And Url is ---> null
2019-03-12T13:53:14.625+0530 INFO onStart : Test
2019-03-12T13:53:14.631+0530 INFO @BeforeTest
2019-03-12T13:53:14.644+0530 DEBUG OPENING BROWSER...--->> Chrome
2019-03-12T13:53:14.654+0530 INFO The name of the testcase skipped is :test_google_home_page
2019-03-12T13:53:14.656+0530 INFO @AfterTest
2019-03-12T13:53:14.676+0530 INFO onFinish : Test
2019-03-12T13:53:14.678+0530 INFO @AfterSuite
2019-03-12T13:54:59.165+0530 INFO @BeforeSuite
2019-03-12T13:54:59.176+0530 INFO Broser is ---> null. And Url is ---> null
2019-03-12T13:54:59.180+0530 INFO onStart : Test
2019-03-12T13:54:59.181+0530 INFO @BeforeTest
2019-03-12T13:54:59.211+0530 DEBUG OPENING BROWSER...--->> Chrome
2019-03-12T13:54:59.232+0530 INFO The name of the testcase skipped is :test_google_home_page
2019-03-12T13:54:59.237+0530 INFO @AfterTest
2019-03-12T13:54:59.264+0530 INFO onFinish : Test
2019-03-12T13:54:59.267+0530 INFO @AfterSuite
2019-03-12T13:56:22.299+0530 INFO @BeforeSuite
2019-03-12T13:56:22.305+0530 INFO Broser is ---> null. And Url is ---> null
2019-03-12T13:56:22.306+0530 INFO onStart : Test
2019-03-12T13:56:22.307+0530 INFO @BeforeTest
2019-03-12T13:56:22.327+0530 DEBUG OPENING BROWSER...--->> Chrome
2019-03-12T13:56:22.342+0530 INFO The name of the testcase skipped is :test_google_home_page
2019-03-12T13:56:22.345+0530 INFO @AfterTest
2019-03-12T13:56:22.370+0530 INFO onFinish : Test
2019-03-12T13:56:22.372+0530 INFO @AfterSuite
2019-03-12T14:04:37.372+0530 INFO @BeforeSuite
2019-03-12T14:04:37.378+0530 INFO Browser is ---> null. And Url is ---> null
2019-03-12T14:04:37.379+0530 INFO onStart : Test
2019-03-12T14:04:37.379+0530 INFO @BeforeTest
2019-03-12T14:04:37.393+0530 DEBUG OPENING BROWSER...--->> Chrome
2019-03-12T14:04:37.405+0530 INFO The name of the testcase skipped is :test_google_home_page
2019-03-12T14:04:37.409+0530 INFO @AfterTest
2019-03-12T14:04:37.437+0530 INFO onFinish : Test
2019-03-12T14:04:37.439+0530 INFO @AfterSuite
2019-03-12T14:06:09.609+0530 INFO @BeforeSuite
2019-03-12T14:06:09.617+0530 INFO Browser is ---> firefox. And Url is ---> http://google.com
2019-03-12T14:06:09.618+0530 INFO onStart : Test
2019-03-12T14:06:09.619+0530 INFO @BeforeTest
2019-03-12T14:06:09.633+0530 DEBUG OPENING BROWSER...--->> Chrome
2019-03-12T14:06:14.442+0530 INFO The name of the testcase started is :test_google_home_page
2019-03-12T14:06:14.443+0530 INFO OPENING GOOGLE.COM...
2019-03-12T14:06:17.702+0530 INFO Searching something on google
2019-03-12T14:06:20.896+0530 INFO The name of the testcase failed is :test_google_home_page
2019-03-12T14:06:20.903+0530 DEBUG CLOSING BROWSER...
2019-03-12T14:06:22.044+0530 INFO @AfterTest
2019-03-12T14:06:22.064+0530 INFO onFinish : Test
2019-03-12T14:06:22.065+0530 INFO @AfterSuite
2019-03-12T15:43:14.383+0530 INFO @BeforeSuite
2019-03-12T15:43:14.391+0530 INFO Browser is ---> firefox. And Url is ---> http://google.com
2019-03-12T15:43:14.393+0530 INFO onStart : Test
2019-03-12T15:43:14.394+0530 INFO @BeforeTest
2019-03-12T15:43:14.410+0530 DEBUG OPENING BROWSER...--->> Chrome
2019-03-12T15:43:19.290+0530 INFO The name of the testcase started is :test_google_home_page
2019-03-12T15:43:19.291+0530 INFO OPENING GOOGLE.COM...
2019-03-12T15:43:25.739+0530 INFO Searching something on google
2019-03-12T15:43:30.173+0530 INFO The name of the testcase failed is :test_google_home_page
2019-03-12T15:43:30.179+0530 DEBUG CLOSING BROWSER...
2019-03-12T15:43:31.370+0530 INFO @AfterTest
2019-03-12T15:43:31.388+0530 INFO onFinish : Test
2019-03-12T15:43:31.389+0530 INFO @AfterSuite
2019-03-12T15:48:06.991+0530 INFO @BeforeSuite
2019-03-12T15:48:06.998+0530 INFO Browser is ---> firefox. And Url is ---> http://google.com
2019-03-12T15:48:06.999+0530 INFO onStart : Test
2019-03-12T15:48:07.000+0530 INFO @BeforeTest
2019-03-12T15:48:07.012+0530 DEBUG OPENING BROWSER...--->> Chrome
2019-03-12T15:48:10.811+0530 INFO The name of the testcase started is :test_google_home_page
2019-03-12T15:48:10.813+0530 INFO OPENING GOOGLE.COM...
2019-03-12T15:48:18.291+0530 INFO Searching something on google
2019-03-12T15:48:22.282+0530 INFO The name of the testcase failed is :test_google_home_page
2019-03-12T15:48:22.289+0530 DEBUG CLOSING BROWSER...
2019-03-12T15:48:23.477+0530 INFO @AfterTest
2019-03-12T15:48:23.496+0530 INFO onFinish : Test
2019-03-12T15:48:23.497+0530 INFO @AfterSuite
2019-03-12T15:52:29.505+0530 INFO @BeforeSuite
2019-03-12T15:52:29.513+0530 INFO Browser is ---> firefox. And Url is ---> http://google.com
2019-03-12T15:52:29.513+0530 INFO onStart : Test
2019-03-12T15:52:29.514+0530 INFO @BeforeTest
2019-03-12T15:52:29.528+0530 DEBUG OPENING BROWSER...--->> Chrome
2019-03-12T15:52:33.830+0530 INFO The name of the testcase started is :test_google_home_page
2019-03-12T15:52:33.832+0530 INFO OPENING GOOGLE.COM...
2019-03-12T15:52:37.148+0530 INFO Searching something on google
2019-03-12T15:52:40.630+0530 INFO The name of the testcase failed is :test_google_home_page
2019-03-12T15:52:40.637+0530 DEBUG CLOSING BROWSER...
2019-03-12T15:52:41.805+0530 INFO @AfterTest
2019-03-12T15:52:41.856+0530 INFO onFinish : Test
2019-03-12T15:52:41.857+0530 INFO @AfterSuite
2019-03-12T15:53:10.894+0530 INFO @BeforeSuite
2019-03-12T15:53:10.899+0530 INFO Browser is ---> firefox. And Url is ---> http://google.com
2019-03-12T15:53:10.900+0530 INFO onStart : Test
2019-03-12T15:53:10.901+0530 INFO @BeforeTest
2019-03-12T15:53:10.915+0530 DEBUG OPENING BROWSER...--->> Chrome
2019-03-12T15:53:15.257+0530 INFO The name of the testcase started is :test_google_home_page
2019-03-12T15:53:15.258+0530 INFO OPENING GOOGLE.COM...
2019-03-12T15:53:18.163+0530 INFO Searching something on google
2019-03-12T15:53:21.181+0530 INFO The name of the testcase failed is :test_google_home_page
2019-03-12T15:53:21.182+0530 DEBUG CLOSING BROWSER...
2019-03-12T15:53:22.249+0530 INFO @AfterTest
2019-03-12T15:53:22.286+0530 INFO onFinish : Test
2019-03-12T15:53:22.288+0530 INFO @AfterSuite
2019-03-12T16:01:48.131+0530 INFO @BeforeSuite
2019-03-12T16:01:48.247+0530 INFO Browser is ---> firefox. And Url is ---> http://google.com
2019-03-12T16:01:48.249+0530 INFO onStart : Test
2019-03-12T16:01:48.250+0530 INFO @BeforeTest
2019-03-12T16:01:48.263+0530 DEBUG OPENING BROWSER...--->> Chrome
2019-03-12T16:01:52.584+0530 INFO The name of the testcase started is :test_google_home_page
2019-03-12T16:01:52.588+0530 INFO OPENING GOOGLE.COM...
2019-03-12T16:01:59.786+0530 INFO Searching something on google
2019-03-12T16:02:03.854+0530 INFO The name of the testcase failed is :test_google_home_page
2019-03-12T16:02:03.863+0530 DEBUG CLOSING BROWSER...
2019-03-12T16:02:05.193+0530 INFO @AfterTest
2019-03-12T16:02:05.215+0530 INFO onFinish : Test
2019-03-12T16:02:05.217+0530 INFO @AfterSuite
2019-03-12T16:04:13.433+0530 INFO @BeforeSuite
2019-03-12T16:04:13.529+0530 INFO Browser is ---> firefox. And Url is ---> http://google.com
2019-03-12T16:04:13.531+0530 INFO onStart : Test
2019-03-12T16:04:13.533+0530 INFO @BeforeTest
2019-03-12T16:04:13.560+0530 DEBUG OPENING BROWSER...--->> Chrome
2019-03-12T16:04:17.810+0530 INFO The name of the testcase started is :test_google_home_page
2019-03-12T16:04:17.817+0530 INFO OPENING GOOGLE.COM...
2019-03-12T16:04:25.711+0530 INFO Searching something on google
2019-03-12T16:04:30.860+0530 INFO The name of the testcase failed is :test_google_home_page
2019-03-12T16:04:30.868+0530 DEBUG CLOSING BROWSER...
2019-03-12T16:04:32.061+0530 INFO @AfterTest
2019-03-12T16:04:32.076+0530 INFO onFinish : Test
2019-03-12T16:04:32.077+0530 INFO @AfterSuite
2019-03-12T16:10:16.194+0530 INFO @BeforeSuite
2019-03-12T16:10:16.344+0530 INFO Browser is ---> firefox. And Url is ---> http://google.com
2019-03-12T16:10:16.346+0530 INFO onStart : Test
2019-03-12T16:10:16.348+0530 INFO @BeforeTest
2019-03-12T16:10:16.374+0530 DEBUG OPENING BROWSER...--->> Chrome
2019-03-12T16:10:20.978+0530 INFO The name of the testcase started is :test_google_home_result_count
2019-03-12T16:10:20.983+0530 INFO OPENING GOOGLE.COM...
2019-03-12T16:10:26.568+0530 INFO Searching something on google
2019-03-12T16:10:31.454+0530 INFO The name of the testcase failed is :test_google_home_result_count
2019-03-12T16:10:31.460+0530 DEBUG CLOSING BROWSER...
2019-03-12T16:10:32.585+0530 DEBUG OPENING BROWSER...--->> Chrome
2019-03-12T16:10:32.585+0530 INFO The name of the testcase started is :test_google_home_title
2019-03-12T16:10:32.586+0530 INFO OPENING GOOGLE.COM...
2019-03-12T16:10:32.594+0530 INFO The name of the testcase failed is :test_google_home_title
2019-03-12T16:10:32.597+0530 DEBUG CLOSING BROWSER...
2019-03-12T16:10:32.600+0530 INFO @AfterTest
2019-03-12T16:10:32.629+0530 INFO onFinish : Test
2019-03-12T16:10:32.630+0530 INFO @AfterSuite
2019-03-12T16:12:01.022+0530 INFO @BeforeSuite
2019-03-12T16:12:01.106+0530 INFO Browser is ---> firefox. And Url is ---> http://google.com
2019-03-12T16:12:01.107+0530 INFO onStart : Test
2019-03-12T16:12:01.108+0530 INFO @BeforeTest
2019-03-12T16:12:01.123+0530 DEBUG OPENING BROWSER...--->> Chrome
2019-03-12T16:12:05.401+0530 INFO The name of the testcase started is :test_google_home_result_count
2019-03-12T16:12:05.407+0530 INFO OPENING GOOGLE.COM...
2019-03-12T16:12:11.593+0530 INFO Searching something on google
2019-03-12T16:12:16.689+0530 INFO The name of the testcase failed is :test_google_home_result_count
2019-03-12T16:12:16.698+0530 DEBUG CLOSING BROWSER...
2019-03-12T16:12:17.918+0530 DEBUG OPENING BROWSER...--->> Chrome
2019-03-12T16:12:17.918+0530 INFO The name of the testcase started is :test_google_home_title
2019-03-12T16:12:17.920+0530 INFO OPENING GOOGLE.COM...
2019-03-12T16:12:17.923+0530 INFO The name of the testcase failed is :test_google_home_title
2019-03-12T16:12:17.925+0530 DEBUG CLOSING BROWSER...
2019-03-12T16:12:17.927+0530 INFO @AfterTest
2019-03-12T16:12:17.968+0530 INFO onFinish : Test
2019-03-12T16:12:17.970+0530 INFO @AfterSuite
2019-03-12T16:13:48.390+0530 INFO @BeforeSuite
2019-03-12T16:13:48.503+0530 INFO Browser is ---> firefox. And Url is ---> http://google.com
2019-03-12T16:13:48.505+0530 INFO onStart : Test
2019-03-12T16:13:48.506+0530 INFO @BeforeTest
2019-03-12T16:13:48.527+0530 DEBUG OPENING BROWSER...--->> Chrome
2019-03-12T16:13:52.338+0530 INFO The name of the testcase started is :test_google_home_result_count
2019-03-12T16:13:52.342+0530 INFO OPENING GOOGLE.COM...
2019-03-12T16:13:59.472+0530 INFO Searching something on google
2019-03-12T16:14:03.730+0530 INFO The name of the testcase failed is :test_google_home_result_count
2019-03-12T16:14:03.736+0530 DEBUG CLOSING BROWSER...
2019-03-12T16:14:04.904+0530 DEBUG OPENING BROWSER...--->> Chrome
2019-03-12T16:14:04.905+0530 INFO The name of the testcase started is :test_google_home_title
2019-03-12T16:14:04.908+0530 INFO OPENING GOOGLE.COM...
2019-03-12T16:14:04.920+0530 INFO The name of the testcase failed is :test_google_home_title
2019-03-12T16:14:04.925+0530 DEBUG CLOSING BROWSER...
2019-03-12T16:14:04.931+0530 INFO @AfterTest
2019-03-12T16:14:04.972+0530 INFO onFinish : Test
2019-03-12T16:14:04.973+0530 INFO @AfterSuite
2019-03-12T16:18:24.709+0530 INFO @BeforeSuite
2019-03-12T16:18:24.792+0530 INFO Browser is ---> firefox. And Url is ---> http://google.com
2019-03-12T16:18:24.793+0530 INFO onStart : Test
2019-03-12T16:18:24.794+0530 INFO @BeforeTest
2019-03-12T16:18:24.808+0530 DEBUG OPENING BROWSER...--->> Chrome
2019-03-12T16:18:28.698+0530 INFO The name of the testcase started is :test_google_home_result_count
2019-03-12T16:18:28.705+0530 INFO OPENING GOOGLE.COM...
2019-03-12T16:18:36.316+0530 INFO Searching something on google
2019-03-12T16:18:40.747+0530 INFO The name of the testcase failed is :test_google_home_result_count
2019-03-12T16:18:40.754+0530 DEBUG CLOSING BROWSER...
2019-03-12T16:18:41.843+0530 DEBUG OPENING BROWSER...--->> Chrome
2019-03-12T16:18:41.844+0530 INFO The name of the testcase started is :test_google_home_title
2019-03-12T16:18:41.844+0530 INFO OPENING GOOGLE.COM...
2019-03-12T16:18:41.862+0530 INFO The name of the testcase failed is :test_google_home_title
2019-03-12T16:18:41.864+0530 DEBUG CLOSING BROWSER...
2019-03-12T16:18:41.869+0530 INFO @AfterTest
2019-03-12T16:18:41.896+0530 INFO onFinish : Test
2019-03-12T16:18:41.898+0530 INFO @AfterSuite
2019-03-12T16:50:04.183+0530 INFO @BeforeSuite
2019-03-12T16:50:04.290+0530 INFO Browser is ---> firefox. And Url is ---> http://google.com
2019-03-12T16:50:04.294+0530 INFO onStart : Test
2019-03-12T16:50:04.295+0530 INFO @BeforeTest
2019-03-12T16:50:04.309+0530 DEBUG OPENING BROWSER...--->> Chrome
2019-03-12T16:50:08.704+0530 INFO The name of the testcase started is :test_google_home_result_count
2019-03-12T16:50:08.710+0530 INFO OPENING GOOGLE.COM...
2019-03-12T16:50:16.529+0530 INFO Searching something on google
2019-03-12T16:50:21.096+0530 INFO The name of the testcase failed is :test_google_home_result_count
2019-03-12T16:50:21.104+0530 DEBUG CLOSING BROWSER...
2019-03-12T16:50:21.105+0530 DEBUG OPENING BROWSER...--->> Chrome
2019-03-12T16:50:21.106+0530 INFO The name of the testcase started is :test_google_home_title
2019-03-12T16:50:21.107+0530 INFO OPENING GOOGLE.COM...
2019-03-12T16:50:23.309+0530 INFO Searching something on google
2019-03-12T16:50:25.861+0530 INFO The name of the testcase failed is :test_google_home_title
2019-03-12T16:50:25.862+0530 DEBUG CLOSING BROWSER...
2019-03-12T16:50:25.865+0530 INFO @AfterTest
2019-03-12T16:50:25.894+0530 INFO onFinish : Test
2019-03-12T16:50:25.896+0530 INFO @AfterSuite
2019-03-12T17:08:22.605+0530 INFO @BeforeSuite
2019-03-12T17:08:22.720+0530 INFO Browser is ---> firefox. And Url is ---> http://google.com
2019-03-12T17:08:22.721+0530 INFO onStart : Test
2019-03-12T17:08:22.723+0530 INFO @BeforeTest
2019-03-12T17:08:22.740+0530 DEBUG OPENING BROWSER...--->> Chrome
2019-03-12T17:08:27.668+0530 INFO The name of the testcase started is :test_google_home_result_count
2019-03-12T17:08:27.673+0530 INFO OPENING GOOGLE.COM...
2019-03-12T17:08:35.507+0530 INFO Searching something on google
2019-03-12T17:08:41.514+0530 INFO The name of the testcase failed is :test_google_home_result_count
2019-03-12T17:08:41.523+0530 DEBUG CLOSING BROWSER...
2019-03-12T17:08:41.524+0530 DEBUG OPENING BROWSER...--->> Chrome
2019-03-12T17:08:41.525+0530 INFO The name of the testcase started is :test_google_home_title
2019-03-12T17:08:41.526+0530 INFO OPENING GOOGLE.COM...
2019-03-12T17:08:42.298+0530 INFO Searching something on google
2019-03-12T17:08:45.968+0530 INFO The name of the testcase failed is :test_google_home_title
2019-03-12T17:08:45.969+0530 DEBUG CLOSING BROWSER...
2019-03-12T17:08:45.971+0530 INFO @AfterTest
2019-03-12T17:08:46.000+0530 INFO onFinish : Test
2019-03-12T17:08:46.001+0530 INFO @AfterSuite
2019-03-12T17:13:11.596+0530 INFO @BeforeSuite
2019-03-12T17:13:11.676+0530 INFO Browser is ---> firefox. And Url is ---> http://google.com
2019-03-12T17:13:11.693+0530 INFO onStart : Test
2019-03-12T17:13:11.694+0530 INFO @BeforeTest
2019-03-12T17:13:11.700+0530 INFO Before Class
2019-03-12T17:13:11.708+0530 DEBUG OPENING BROWSER...--->> Chrome
2019-03-12T17:13:16.077+0530 INFO The name of the testcase started is :test_google_home_result_count
2019-03-12T17:13:16.082+0530 INFO OPENING GOOGLE.COM...
2019-03-12T17:13:21.915+0530 INFO Searching something on google
2019-03-12T17:13:25.412+0530 INFO The name of the testcase failed is :test_google_home_result_count
2019-03-12T17:13:25.420+0530 DEBUG CLOSING BROWSER...
2019-03-12T17:13:25.421+0530 DEBUG OPENING BROWSER...--->> Chrome
2019-03-12T17:13:25.421+0530 INFO The name of the testcase started is :test_google_home_title
2019-03-12T17:13:25.422+0530 INFO OPENING GOOGLE.COM...
2019-03-12T17:13:25.958+0530 INFO Searching something on google
2019-03-12T17:13:28.420+0530 INFO The name of the testcase passed is :test_google_home_title
2019-03-12T17:13:28.421+0530 DEBUG CLOSING BROWSER...
2019-03-12T17:13:28.422+0530 INFO After Class
2019-03-12T17:13:28.424+0530 INFO @AfterTest
2019-03-12T17:13:28.446+0530 INFO onFinish : Test
2019-03-12T17:13:28.448+0530 INFO @AfterSuite
2019-03-12T17:17:23.266+0530 INFO @BeforeSuite
2019-03-12T17:17:23.353+0530 INFO Browser is ---> firefox. And Url is ---> http://google.com
2019-03-12T17:17:23.354+0530 INFO onStart : Test
2019-03-12T17:17:23.355+0530 INFO @BeforeTest
2019-03-12T17:17:23.361+0530 INFO Before Class
2019-03-12T17:17:27.671+0530 DEBUG OPENING BROWSER...--->> Chrome
2019-03-12T17:17:27.672+0530 INFO The name of the testcase started is :test_google_home_result_count
2019-03-12T17:17:27.675+0530 INFO OPENING GOOGLE.COM...
2019-03-12T17:17:30.465+0530 INFO Searching something on google
2019-03-12T17:17:33.698+0530 INFO The name of the testcase failed is :test_google_home_result_count
2019-03-12T17:17:33.705+0530 DEBUG CLOSING BROWSER...
2019-03-12T17:17:33.706+0530 DEBUG OPENING BROWSER...--->> Chrome
2019-03-12T17:17:33.706+0530 INFO The name of the testcase started is :test_google_home_title
2019-03-12T17:17:33.707+0530 INFO OPENING GOOGLE.COM...
2019-03-12T17:17:34.312+0530 INFO Searching something on google
2019-03-12T17:17:36.990+0530 INFO The name of the testcase passed is :test_google_home_title
2019-03-12T17:17:36.991+0530 DEBUG CLOSING BROWSER...
2019-03-12T17:17:36.991+0530 INFO After Class
2019-03-12T17:17:38.107+0530 INFO @AfterTest
2019-03-12T17:17:38.123+0530 INFO onFinish : Test
2019-03-12T17:17:38.140+0530 INFO @AfterSuite
2019-03-12T17:22:18.001+0530 INFO @BeforeSuite
2019-03-12T17:22:18.168+0530 INFO Browser is ---> firefox. And Url is ---> http://google.com
2019-03-12T17:22:18.170+0530 INFO onStart : Test
2019-03-12T17:22:18.171+0530 INFO @BeforeTest
2019-03-12T17:22:18.185+0530 INFO Before Class
2019-03-12T17:22:18.208+0530 DEBUG OPENING BROWSER...--->> Chrome
2019-03-12T17:22:22.607+0530 INFO The name of the testcase started is :test_google_home_result_count
2019-03-12T17:22:22.615+0530 INFO OPENING GOOGLE.COM...
2019-03-12T17:22:25.232+0530 INFO Searching something on google
2019-03-12T17:22:27.829+0530 INFO The name of the testcase failed is :test_google_home_result_count
2019-03-12T17:22:27.836+0530 DEBUG CLOSING BROWSER...
2019-03-12T17:22:29.050+0530 INFO The name of the testcase skipped is :test_google_home_title
2019-03-12T17:22:29.058+0530 INFO @AfterTest
2019-03-12T17:22:29.098+0530 INFO onFinish : Test
2019-03-12T17:22:29.100+0530 INFO @AfterSuite
2019-03-12T17:24:36.407+0530 INFO @BeforeSuite
2019-03-12T17:24:36.506+0530 INFO Browser is ---> firefox. And Url is ---> http://google.com
2019-03-12T17:24:36.507+0530 INFO onStart : Test
2019-03-12T17:24:36.508+0530 INFO @BeforeTest
2019-03-12T17:24:36.514+0530 INFO Before Class
2019-03-12T17:24:36.524+0530 DEBUG OPENING BROWSER...--->> Chrome
2019-03-12T17:24:36.525+0530 INFO Browser...--->> firefox
2019-03-12T17:24:40.308+0530 INFO The name of the testcase started is :test_google_home_result_count
2019-03-12T17:24:40.312+0530 INFO OPENING GOOGLE.COM...
2019-03-12T17:24:43.510+0530 INFO Searching something on google
2019-03-12T17:24:46.262+0530 INFO The name of the testcase failed is :test_google_home_result_count
2019-03-12T17:24:46.270+0530 DEBUG CLOSING BROWSER...
2019-03-12T17:24:47.419+0530 INFO The name of the testcase skipped is :test_google_home_title
2019-03-12T17:24:47.422+0530 INFO @AfterTest
2019-03-12T17:24:47.452+0530 INFO onFinish : Test
2019-03-12T17:24:47.453+0530 INFO @AfterSuite
2019-03-12T17:30:37.910+0530 INFO @BeforeSuite
2019-03-12T17:30:38.016+0530 INFO Browser is ---> firefox. And Url is ---> http://google.com
2019-03-12T17:30:38.017+0530 INFO onStart : Test
2019-03-12T17:30:38.018+0530 INFO @BeforeTest
2019-03-12T17:30:38.040+0530 INFO Before Class
2019-03-12T17:30:38.050+0530 DEBUG OPENING BROWSER...--->> Chrome
2019-03-12T17:30:38.050+0530 INFO Browser...--->> firefox
2019-03-12T17:30:42.044+0530 INFO The name of the testcase started is :test_google_home_result_count
2019-03-12T17:30:42.051+0530 INFO OPENING GOOGLE.COM...
2019-03-12T17:30:45.914+0530 INFO Searching something on google
2019-03-12T17:30:49.317+0530 INFO The name of the testcase failed is :test_google_home_result_count
2019-03-12T17:30:49.324+0530 INFO QUITTING BROWSER...
2019-03-12T17:30:50.513+0530 DEBUG OPENING BROWSER...--->> Chrome
2019-03-12T17:30:50.515+0530 INFO Browser...--->> firefox
2019-03-12T17:30:50.517+0530 INFO The name of the testcase started is :test_google_home_title
2019-03-12T17:30:50.520+0530 INFO OPENING GOOGLE.COM...
2019-03-12T17:30:50.533+0530 INFO The name of the testcase failed is :test_google_home_title
2019-03-12T17:30:50.537+0530 INFO QUITTING BROWSER...
2019-03-12T17:30:50.538+0530 INFO After Class
2019-03-12T17:30:50.541+0530 INFO @AfterTest
2019-03-12T17:30:50.582+0530 INFO onFinish : Test
2019-03-12T17:30:50.584+0530 INFO @AfterSuite
2019-03-12T17:35:11.274+0530 INFO @BeforeSuite
2019-03-12T17:35:11.363+0530 INFO Browser is ---> firefox. And Url is ---> http://google.com
2019-03-12T17:35:11.366+0530 INFO onStart : Test
2019-03-12T17:35:11.367+0530 INFO @BeforeTest
2019-03-12T17:35:11.379+0530 INFO Before Class
2019-03-12T17:35:11.423+0530 DEBUG OPENING BROWSER...--->> Chrome
2019-03-12T17:35:11.424+0530 INFO Browser...--->> firefox
2019-03-12T17:35:15.824+0530 INFO The name of the testcase started is :test_google_home_result_count
2019-03-12T17:35:15.831+0530 INFO OPENING GOOGLE.COM...
2019-03-12T17:35:23.312+0530 INFO Searching something on google
2019-03-12T17:35:27.867+0530 INFO The name of the testcase failed is :test_google_home_result_count
2019-03-12T17:35:27.873+0530 INFO QUITTING BROWSER...
2019-03-12T17:35:29.046+0530 INFO ####################driver is not null######
2019-03-12T17:35:29.047+0530 INFO The name of the testcase started is :test_google_home_title
2019-03-12T17:35:29.048+0530 INFO OPENING GOOGLE.COM...
2019-03-12T17:35:29.051+0530 INFO The name of the testcase failed is :test_google_home_title
2019-03-12T17:35:29.052+0530 INFO QUITTING BROWSER...
2019-03-12T17:35:29.068+0530 INFO After Class
2019-03-12T17:35:29.070+0530 INFO @AfterTest
2019-03-12T17:35:29.090+0530 INFO onFinish : Test
2019-03-12T17:35:29.091+0530 INFO @AfterSuite
2019-03-12T17:38:01.906+0530 INFO @BeforeSuite
2019-03-12T17:38:01.995+0530 INFO Browser is ---> firefox. And Url is ---> http://google.com
2019-03-12T17:38:01.996+0530 INFO onStart : Test
2019-03-12T17:38:01.997+0530 INFO @BeforeTest
2019-03-12T17:38:02.003+0530 INFO Before Class
2019-03-12T17:38:02.013+0530 DEBUG OPENING BROWSER...--->> Chrome
2019-03-12T17:38:02.013+0530 INFO Browser...--->> firefox
2019-03-12T17:38:06.318+0530 INFO The name of the testcase started is :test_google_home_result_count
2019-03-12T17:38:06.324+0530 INFO OPENING GOOGLE.COM...
2019-03-12T17:38:14.448+0530 INFO Searching something on google
2019-03-12T17:38:18.968+0530 INFO The name of the testcase failed is :test_google_home_result_count
2019-03-12T17:38:18.974+0530 INFO QUITTING BROWSER...
2019-03-12T17:38:20.241+0530 INFO ####################driver is not null######
2019-03-12T17:38:20.243+0530 INFO The name of the testcase started is :test_google_home_title
2019-03-12T17:38:20.245+0530 INFO OPENING GOOGLE.COM...
2019-03-12T17:38:20.256+0530 INFO The name of the testcase failed is :test_google_home_title
2019-03-12T17:38:20.262+0530 INFO QUITTING BROWSER...
2019-03-12T17:38:20.264+0530 INFO After Class
2019-03-12T17:38:20.266+0530 INFO @AfterTest
2019-03-12T17:38:20.299+0530 INFO onFinish : Test
2019-03-12T17:38:20.301+0530 INFO @AfterSuite
2019-03-12T17:39:08.450+0530 INFO @BeforeSuite
2019-03-12T17:39:08.542+0530 INFO Browser is ---> firefox. And Url is ---> http://google.com
2019-03-12T17:39:08.544+0530 INFO onStart : Test
2019-03-12T17:39:08.545+0530 INFO @BeforeTest
2019-03-12T17:39:08.552+0530 INFO Before Class
2019-03-12T17:39:08.572+0530 DEBUG OPENING BROWSER...--->> Chrome
2019-03-12T17:39:08.573+0530 INFO Browser...--->> firefox
2019-03-12T17:39:12.857+0530 INFO The name of the testcase started is :test_google_home_result_count
2019-03-12T17:39:12.862+0530 INFO OPENING GOOGLE.COM...
2019-03-12T17:39:19.699+0530 INFO Searching something on google
2019-03-12T17:39:23.625+0530 INFO The name of the testcase failed is :test_google_home_result_count
2019-03-12T17:39:23.632+0530 INFO QUITTING BROWSER...
2019-03-12T17:39:24.818+0530 DEBUG OPENING BROWSER...--->> Chrome
2019-03-12T17:39:24.819+0530 INFO Browser...--->> firefox
2019-03-12T17:39:27.625+0530 INFO The name of the testcase started is :test_google_home_title
2019-03-12T17:39:27.626+0530 INFO OPENING GOOGLE.COM...
2019-03-12T17:39:34.571+0530 INFO Searching something on google
2019-03-12T17:39:38.976+0530 INFO The name of the testcase passed is :test_google_home_title
2019-03-12T17:39:38.977+0530 INFO QUITTING BROWSER...
2019-03-12T17:39:40.018+0530 INFO After Class
2019-03-12T17:39:40.021+0530 INFO @AfterTest
2019-03-12T17:39:40.063+0530 INFO onFinish : Test
2019-03-12T17:39:40.065+0530 INFO @AfterSuite
2019-03-12T17:43:13.549+0530 INFO @BeforeSuite
2019-03-12T17:43:13.639+0530 INFO Browser is ---> firefox. And Url is ---> http://google.com
2019-03-12T17:43:13.641+0530 INFO onStart : Test
2019-03-12T17:43:13.642+0530 INFO @BeforeTest
2019-03-12T17:43:13.648+0530 INFO Before Class
2019-03-12T17:43:13.648+0530 INFO Browser...--->> firefox
2019-03-12T17:43:17.984+0530 INFO The name of the testcase started is :test_google_home_result_count
2019-03-12T17:43:17.990+0530 INFO OPENING GOOGLE.COM...
2019-03-12T17:43:23.802+0530 INFO Searching something on google
2019-03-12T17:43:27.338+0530 INFO The name of the testcase failed is :test_google_home_result_count
2019-03-12T17:43:27.346+0530 INFO QUITTING BROWSER...
2019-03-12T17:43:28.538+0530 INFO The name of the testcase started is :test_google_home_title
2019-03-12T17:43:28.539+0530 INFO OPENING GOOGLE.COM...
2019-03-12T17:43:28.542+0530 INFO The name of the testcase failed is :test_google_home_title
2019-03-12T17:43:28.544+0530 INFO QUITTING BROWSER...
2019-03-12T17:43:28.545+0530 INFO After Class
2019-03-12T17:43:28.546+0530 INFO @AfterTest
2019-03-12T17:43:28.568+0530 INFO onFinish : Test
2019-03-12T17:43:28.569+0530 INFO @AfterSuite
2019-03-12T17:44:31.460+0530 INFO @BeforeSuite
2019-03-12T17:44:31.566+0530 INFO Browser is ---> firefox. And Url is ---> http://google.com
2019-03-12T17:44:31.567+0530 INFO onStart : Test
2019-03-12T17:44:31.569+0530 INFO @BeforeTest
2019-03-12T17:44:31.575+0530 INFO Before Class
2019-03-12T17:44:31.577+0530 INFO Browser...--->> firefox
2019-03-12T17:44:35.472+0530 INFO The name of the testcase started is :test_google_home_result_count
2019-03-12T17:44:35.482+0530 INFO OPENING GOOGLE.COM...
2019-03-12T17:44:41.313+0530 INFO Searching something on google
2019-03-12T17:44:44.706+0530 INFO The name of the testcase failed is :test_google_home_result_count
2019-03-12T17:44:44.714+0530 INFO QUITTING BROWSER...
2019-03-12T17:44:44.716+0530 INFO The name of the testcase skipped is :test_google_home_title
2019-03-12T17:44:44.719+0530 INFO @AfterTest
2019-03-12T17:44:44.742+0530 INFO onFinish : Test
2019-03-12T17:44:44.744+0530 INFO @AfterSuite
2019-03-12T17:47:45.835+0530 INFO @BeforeSuite
2019-03-12T17:47:45.913+0530 INFO Browser is ---> firefox. And Url is ---> http://google.com
2019-03-12T17:47:45.914+0530 INFO onStart : Test
2019-03-12T17:47:45.915+0530 INFO @BeforeTest
2019-03-12T17:47:45.920+0530 INFO Before Class
2019-03-12T17:47:45.921+0530 INFO Browser...--->> firefox
2019-03-12T17:47:49.743+0530 INFO The name of the testcase started is :test_google_home_result_count
2019-03-12T17:47:49.750+0530 INFO OPENING GOOGLE.COM...
2019-03-12T17:47:52.669+0530 INFO Searching something on google
2019-03-12T17:47:55.678+0530 INFO The name of the testcase failed is :test_google_home_result_count
2019-03-12T17:47:55.689+0530 INFO QUITTING BROWSER...
2019-03-12T17:47:59.930+0530 INFO The name of the testcase started is :test_google_home_title
2019-03-12T17:47:59.930+0530 INFO OPENING GOOGLE.COM...
2019-03-12T17:48:03.230+0530 INFO Searching something on google
2019-03-12T17:48:06.917+0530 INFO The name of the testcase passed is :test_google_home_title
2019-03-12T17:48:06.919+0530 INFO QUITTING BROWSER...
2019-03-12T17:48:08.132+0530 INFO After Class
2019-03-12T17:48:08.150+0530 INFO @AfterTest
2019-03-12T17:48:08.165+0530 INFO onFinish : Test
2019-03-12T17:48:08.167+0530 INFO @AfterSuite
2019-03-12T17:49:25.859+0530 INFO @BeforeSuite
2019-03-12T17:49:25.962+0530 INFO Browser is ---> firefox. And Url is ---> http://google.com
2019-03-12T17:49:25.963+0530 INFO onStart : Test
2019-03-12T17:49:25.964+0530 INFO @BeforeTest
2019-03-12T17:49:25.969+0530 INFO Before Class
2019-03-12T17:49:25.978+0530 INFO Browser...--->> firefox
2019-03-12T17:49:29.810+0530 INFO The name of the testcase started is :test_google_home_result_count
2019-03-12T17:49:29.822+0530 INFO OPENING GOOGLE.COM...
2019-03-12T17:49:33.410+0530 INFO Searching something on google
2019-03-12T17:49:37.038+0530 INFO The name of the testcase failed is :test_google_home_result_count
2019-03-12T17:49:37.045+0530 INFO QUITTING BROWSER...
2019-03-12T17:49:38.095+0530 INFO Browser...--->> firefox
2019-03-12T17:49:40.964+0530 INFO The name of the testcase started is :test_google_home_title
2019-03-12T17:49:40.970+0530 INFO OPENING GOOGLE.COM...
2019-03-12T17:49:44.779+0530 INFO Searching something on google
2019-03-12T17:49:48.144+0530 INFO The name of the testcase passed is :test_google_home_title
2019-03-12T17:49:48.145+0530 INFO QUITTING BROWSER...
2019-03-12T17:49:49.179+0530 INFO After Class
2019-03-12T17:49:49.180+0530 INFO @AfterTest
2019-03-12T17:49:49.213+0530 INFO onFinish : Test
2019-03-12T17:49:49.215+0530 INFO @AfterSuite
2019-03-12T17:52:33.134+0530 INFO @BeforeSuite
2019-03-12T17:52:33.219+0530 INFO Browser is ---> firefox. And Url is ---> http://google.com
2019-03-12T17:52:33.220+0530 INFO onStart : Test
2019-03-12T17:52:33.221+0530 INFO @BeforeTest
2019-03-12T17:52:33.229+0530 INFO Before Class
2019-03-12T17:52:33.238+0530 INFO OPENING BROWSER... >> firefox
2019-03-12T17:52:37.114+0530 INFO The name of the testcase started is :test_google_home_result_count
2019-03-12T17:52:37.119+0530 INFO OPENING GOOGLE.COM...
2019-03-12T17:52:45.061+0530 INFO Searching something on google
2019-03-12T17:52:49.129+0530 INFO The name of the testcase failed is :test_google_home_result_count
2019-03-12T17:52:49.150+0530 INFO CLOSING BROWSER... >> firefox
2019-03-12T17:52:50.241+0530 INFO OPENING BROWSER... >> firefox
2019-03-12T17:52:53.100+0530 INFO The name of the testcase started is :test_google_home_title
2019-03-12T17:52:53.101+0530 INFO OPENING GOOGLE.COM...
2019-03-12T17:53:00.507+0530 INFO Searching something on google
2019-03-12T17:53:04.801+0530 INFO The name of the testcase passed is :test_google_home_title
2019-03-12T17:53:04.802+0530 INFO CLOSING BROWSER... >> firefox
2019-03-12T17:53:05.948+0530 INFO After Class
2019-03-12T17:53:05.950+0530 INFO @AfterTest
2019-03-12T17:53:05.965+0530 INFO onFinish : Test
2019-03-12T17:53:05.968+0530 INFO @AfterSuite
2019-03-12T17:56:37.998+0530 INFO @BeforeSuite
2019-03-12T17:56:38.075+0530 INFO Browser is ---> firefox. And Url is ---> http://google.com
2019-03-12T17:56:38.076+0530 INFO onStart : Test
2019-03-12T17:56:38.077+0530 INFO @BeforeTest
2019-03-12T17:56:38.083+0530 INFO Before Class
2019-03-12T17:56:38.091+0530 INFO OPENING BROWSER... >> firefox
2019-03-12T17:56:42.396+0530 INFO The name of the testcase started is :test_google_home_result_count
2019-03-12T17:56:42.397+0530 INFO OPENING GOOGLE.COM...
2019-03-12T17:56:48.500+0530 INFO Searching something on google
2019-03-12T17:56:52.833+0530 INFO The name of the testcase failed is :test_google_home_result_count
2019-03-12T17:56:52.840+0530 INFO CLOSING BROWSER... >> firefox
2019-03-12T17:56:54.002+0530 INFO OPENING BROWSER... >> firefox
2019-03-12T17:56:57.347+0530 INFO The name of the testcase started is :test_google_home_title
2019-03-12T17:56:57.348+0530 INFO OPENING GOOGLE.COM...
2019-03-12T17:57:02.484+0530 INFO Searching something on google
2019-03-12T17:57:06.544+0530 INFO The name of the testcase passed is :test_google_home_title
2019-03-12T17:57:06.544+0530 INFO CLOSING BROWSER... >> firefox
2019-03-12T17:57:07.526+0530 INFO After Class
2019-03-12T17:57:07.527+0530 INFO @AfterTest
2019-03-12T17:57:07.545+0530 INFO onFinish : Test
2019-03-12T17:57:07.813+0530 INFO @AfterSuite
2019-03-12T18:02:23.160+0530 INFO @BeforeSuite
2019-03-12T18:02:23.252+0530 INFO Browser is ---> firefox. And Url is ---> http://google.com
2019-03-12T18:02:23.254+0530 INFO onStart : Test
2019-03-12T18:02:23.255+0530 INFO @BeforeTest
2019-03-12T18:02:23.261+0530 INFO Before Class
2019-03-12T18:02:23.273+0530 INFO OPENING BROWSER... >> firefox
2019-03-12T18:02:27.593+0530 INFO The name of the testcase started is :test_google_home_result_count
2019-03-12T18:02:27.594+0530 INFO OPENING GOOGLE.COM...
2019-03-12T18:02:31.631+0530 INFO Searching something on google
2019-03-12T18:02:35.662+0530 INFO The name of the testcase failed is :test_google_home_result_count
2019-03-12T18:02:35.665+0530 INFO CLOSING BROWSER... >> firefox
2019-03-12T18:02:36.738+0530 INFO OPENING BROWSER... >> firefox
2019-03-12T18:02:39.476+0530 INFO The name of the testcase started is :test_google_home_title
2019-03-12T18:02:39.476+0530 INFO OPENING http://google.com...
2019-03-12T18:02:42.551+0530 INFO Searching something on google
2019-03-12T18:02:45.028+0530 INFO The name of the testcase passed is :test_google_home_title
2019-03-12T18:02:45.029+0530 INFO CLOSING BROWSER... >> firefox
2019-03-12T18:02:46.128+0530 INFO After Class
2019-03-12T18:02:46.129+0530 INFO @AfterTest
2019-03-12T18:02:46.146+0530 INFO onFinish : Test
2019-03-12T18:02:46.388+0530 INFO @AfterSuite
2019-03-12T18:04:57.901+0530 INFO @BeforeSuite
2019-03-12T18:04:58.013+0530 INFO Browser is ---> firefox. And Url is ---> http://google.com
2019-03-12T18:04:58.014+0530 INFO onStart : Test
2019-03-12T18:04:58.015+0530 INFO @BeforeTest
2019-03-12T18:04:58.022+0530 INFO Before Class
2019-03-12T18:04:58.035+0530 INFO OPENING BROWSER... >> firefox
2019-03-12T18:05:02.354+0530 INFO The name of the testcase started is :test_google_home_result_count
2019-03-12T18:05:02.355+0530 INFO OPENING GOOGLE.COM...
2019-03-12T18:05:05.887+0530 INFO Searching something on google
2019-03-12T18:05:08.928+0530 INFO The name of the testcase failed is :test_google_home_result_count
2019-03-12T18:05:08.961+0530 INFO CLOSING BROWSER... >> firefox
2019-03-12T18:05:10.410+0530 INFO OPENING BROWSER... >> firefox
2019-03-12T18:05:14.271+0530 INFO The name of the testcase started is :test_google_home_title
2019-03-12T18:05:14.272+0530 INFO OPENING http://google.com...
2019-03-12T18:05:17.093+0530 INFO Searching something on google
2019-03-12T18:05:19.888+0530 INFO The name of the testcase passed is :test_google_home_title
2019-03-12T18:05:19.889+0530 INFO CLOSING BROWSER... >> firefox
2019-03-12T18:05:21.040+0530 INFO After Class
2019-03-12T18:05:21.042+0530 INFO @AfterTest
2019-03-12T18:05:21.059+0530 INFO onFinish : Test
2019-03-12T18:05:21.402+0530 INFO @AfterSuite
2019-03-12T18:25:12.330+0530 INFO @BeforeSuite
2019-03-12T18:25:12.450+0530 INFO Browser is ---> firefox. And Url is ---> http://google.com
2019-03-12T18:25:12.451+0530 INFO onStart : Test
2019-03-12T18:25:12.452+0530 INFO @BeforeTest
2019-03-12T18:25:12.460+0530 INFO Before Class
2019-03-12T18:25:12.473+0530 INFO OPENING BROWSER... >> firefox
2019-03-12T18:25:16.892+0530 INFO The name of the testcase started is :test_google_home_result_count
2019-03-12T18:25:16.893+0530 INFO OPENING GOOGLE.COM...
2019-03-12T18:25:21.321+0530 INFO Searching something on google
2019-03-12T18:25:24.074+0530 INFO The name of the testcase failed is :test_google_home_result_count
2019-03-12T18:25:24.341+0530 INFO CLOSING BROWSER... >> firefox
2019-03-12T18:25:25.418+0530 INFO OPENING BROWSER... >> firefox
2019-03-12T18:25:28.810+0530 INFO The name of the testcase started is :test_google_home_title
2019-03-12T18:25:28.811+0530 INFO OPENING http://google.com...
2019-03-12T18:25:33.214+0530 INFO Searching something on google
2019-03-12T18:25:35.506+0530 INFO The name of the testcase passed is :test_google_home_title
2019-03-12T18:25:35.571+0530 INFO CLOSING BROWSER... >> firefox
2019-03-12T18:25:36.673+0530 INFO After Class
2019-03-12T18:25:36.675+0530 INFO @AfterTest
2019-03-12T18:25:36.691+0530 INFO onFinish : Test
2019-03-12T18:25:36.706+0530 INFO @AfterSuite
2019-03-13T12:18:08.130+0530 INFO @BeforeSuite
2019-03-13T12:18:08.302+0530 INFO Browser is ---> firefox. And Url is ---> http://google.com
2019-03-13T12:18:08.303+0530 INFO onStart : Test
2019-03-13T12:18:08.304+0530 INFO @BeforeTest
2019-03-13T12:18:08.312+0530 INFO Before Class
2019-03-13T12:18:08.326+0530 INFO OPENING BROWSER... >> firefox
2019-03-13T12:18:12.826+0530 INFO The name of the testcase started is :test_google_home_result_count
2019-03-13T12:18:12.827+0530 INFO OPENING GOOGLE.COM...
2019-03-13T12:18:16.769+0530 INFO Searching something on google
2019-03-13T12:18:19.851+0530 INFO The name of the testcase failed is :test_google_home_result_count
2019-03-13T12:18:20.155+0530 INFO CLOSING BROWSER... >> firefox
2019-03-13T12:18:21.295+0530 INFO OPENING BROWSER... >> firefox
2019-03-13T12:18:24.124+0530 INFO The name of the testcase started is :test_google_home_title
2019-03-13T12:18:24.127+0530 INFO OPENING http://google.com...
2019-03-13T12:18:26.808+0530 INFO Searching something on google
2019-03-13T12:18:29.458+0530 INFO The name of the testcase passed is :test_google_home_title
2019-03-13T12:18:29.507+0530 INFO CLOSING BROWSER... >> firefox
2019-03-13T12:18:30.521+0530 INFO After Class
2019-03-13T12:18:30.522+0530 INFO @AfterTest
2019-03-13T12:18:30.544+0530 INFO onFinish : Test
2019-03-13T12:18:30.546+0530 INFO @AfterSuite
2019-03-13T12:22:38.544+0530 INFO @BeforeSuite
2019-03-13T12:22:38.643+0530 INFO Browser is ---> firefox. And Url is ---> http://google.com
2019-03-13T12:22:38.644+0530 INFO onStart : Test
2019-03-13T12:22:38.646+0530 INFO @BeforeTest
2019-03-13T12:22:38.655+0530 INFO Before Class
2019-03-13T12:22:38.663+0530 INFO OPENING BROWSER... >> firefox
2019-03-13T12:22:42.995+0530 INFO The name of the testcase started is :test_google_home_result_count
2019-03-13T12:22:42.996+0530 INFO OPENING GOOGLE.COM...
2019-03-13T12:22:46.435+0530 INFO Searching something on google
2019-03-13T12:22:49.156+0530 INFO The name of the testcase failed is :test_google_home_result_count
2019-03-13T12:22:49.541+0530 INFO CLOSING BROWSER... >> firefox
2019-03-13T12:22:50.608+0530 INFO OPENING BROWSER... >> firefox
2019-03-13T12:22:54.009+0530 INFO The name of the testcase started is :test_google_home_title
2019-03-13T12:22:54.010+0530 INFO OPENING http://google.com...
2019-03-13T12:22:58.037+0530 INFO Searching something on google
2019-03-13T12:23:00.681+0530 INFO The name of the testcase passed is :test_google_home_title
2019-03-13T12:23:00.742+0530 INFO CLOSING BROWSER... >> firefox
2019-03-13T12:23:01.850+0530 INFO After Class
2019-03-13T12:23:01.851+0530 INFO @AfterTest
2019-03-13T12:23:01.869+0530 INFO onFinish : Test
2019-03-13T12:23:01.871+0530 INFO @AfterSuite
2019-03-13T12:23:46.461+0530 INFO @BeforeSuite
2019-03-13T12:23:46.584+0530 INFO Browser is ---> firefox. And Url is ---> http://google.com
2019-03-13T12:23:46.587+0530 INFO onStart : Test
2019-03-13T12:23:46.588+0530 INFO @BeforeTest
2019-03-13T12:23:46.597+0530 INFO Before Class
2019-03-13T12:23:46.610+0530 INFO OPENING BROWSER... >> firefox
2019-03-13T12:23:51.031+0530 INFO The name of the testcase started is :test_google_home_result_count
2019-03-13T12:23:51.032+0530 INFO OPENING GOOGLE.COM...
2019-03-13T12:23:55.811+0530 INFO Searching something on google
2019-03-13T12:23:58.756+0530 INFO The name of the testcase failed is :test_google_home_result_count
2019-03-13T12:23:59.030+0530 INFO CLOSING BROWSER... >> firefox
2019-03-13T12:24:00.143+0530 INFO OPENING BROWSER... >> firefox
2019-03-13T12:24:02.921+0530 INFO The name of the testcase started is :test_google_home_title
2019-03-13T12:24:02.923+0530 INFO OPENING http://google.com...
2019-03-13T12:24:05.983+0530 INFO Searching something on google
2019-03-13T12:24:08.896+0530 INFO The name of the testcase passed is :test_google_home_title
2019-03-13T12:24:08.951+0530 INFO CLOSING BROWSER... >> firefox
2019-03-13T12:24:10.083+0530 INFO After Class
2019-03-13T12:24:10.085+0530 INFO @AfterTest
2019-03-13T12:24:10.101+0530 INFO onFinish : Test
2019-03-13T12:24:10.103+0530 INFO @AfterSuite
2019-03-13T12:24:35.107+0530 INFO @BeforeSuite
2019-03-13T12:24:35.275+0530 INFO Browser is ---> firefox. And Url is ---> http://google.com
2019-03-13T12:24:35.277+0530 INFO onStart : Test
2019-03-13T12:24:35.279+0530 INFO @BeforeTest
2019-03-13T12:24:35.288+0530 INFO Before Class
2019-03-13T12:24:35.299+0530 INFO OPENING BROWSER... >> firefox
2019-03-13T12:24:39.294+0530 INFO The name of the testcase started is :test_google_home_result_count
2019-03-13T12:24:39.295+0530 INFO OPENING GOOGLE.COM...
2019-03-13T12:24:45.542+0530 INFO Searching something on google
2019-03-13T12:24:48.690+0530 INFO The name of the testcase failed is :test_google_home_result_count
2019-03-13T12:24:49.044+0530 INFO CLOSING BROWSER... >> firefox
2019-03-13T12:24:50.241+0530 INFO OPENING BROWSER... >> firefox
2019-03-13T12:24:53.032+0530 INFO The name of the testcase started is :test_google_home_title
2019-03-13T12:24:53.033+0530 INFO OPENING http://google.com...
2019-03-13T12:24:55.461+0530 INFO Searching something on google
2019-03-13T12:24:58.097+0530 INFO The name of the testcase passed is :test_google_home_title
2019-03-13T12:24:58.148+0530 INFO CLOSING BROWSER... >> firefox
2019-03-13T12:24:59.294+0530 INFO After Class
2019-03-13T12:24:59.295+0530 INFO @AfterTest
2019-03-13T12:24:59.316+0530 INFO onFinish : Test
2019-03-13T12:24:59.318+0530 INFO @AfterSuite
